{"/Users/arthurturnbull/Developer/tx-hs-fed-grantee/src/App-test.tsx": {"path":"/Users/arthurturnbull/Developer/tx-hs-fed-grantee/src/App-test.tsx","statementMap":{"0":{"start":{"line":1,"column":0},"end":{"line":1,"column":26}},"1":{"start":{"line":2,"column":0},"end":{"line":2,"column":48}},"2":{"start":{"line":7,"column":26},"end":{"line":124,"column":1}},"3":{"start":{"line":8,"column":2},"end":{"line":123,"column":4}},"4":{"start":{"line":126,"column":0},"end":{"line":126,"column":23}}},"fnMap":{"0":{"name":"(anonymous_1)","decl":{"start":{"line":7,"column":26},"end":{"line":7,"column":29}},"loc":{"start":{"line":7,"column":31},"end":{"line":124,"column":1}}}},"branchMap":{},"s":{"0":0,"1":0,"2":0,"3":0,"4":0},"f":{"0":0},"b":{}}
,"/Users/arthurturnbull/Developer/tx-hs-fed-grantee/src/App.tsx": {"path":"/Users/arthurturnbull/Developer/tx-hs-fed-grantee/src/App.tsx","statementMap":{"0":{"start":{"line":1,"column":0},"end":{"line":1,"column":51}},"1":{"start":{"line":2,"column":0},"end":{"line":2,"column":56}},"2":{"start":{"line":3,"column":0},"end":{"line":3,"column":48}},"3":{"start":{"line":4,"column":0},"end":{"line":4,"column":45}},"4":{"start":{"line":5,"column":0},"end":{"line":5,"column":57}},"5":{"start":{"line":6,"column":0},"end":{"line":6,"column":53}},"6":{"start":{"line":7,"column":0},"end":{"line":7,"column":48}},"7":{"start":{"line":13,"column":22},"end":{"line":342,"column":1}},"8":{"start":{"line":15,"column":17},"end":{"line":15,"column":57}},"9":{"start":{"line":16,"column":16},"end":{"line":16,"column":72}},"10":{"start":{"line":19,"column":36},"end":{"line":19,"column":51}},"11":{"start":{"line":20,"column":34},"end":{"line":20,"column":63}},"12":{"start":{"line":21,"column":46},"end":{"line":21,"column":60}},"13":{"start":{"line":22,"column":36},"end":{"line":22,"column":51}},"14":{"start":{"line":25,"column":88},"end":{"line":25,"column":100}},"15":{"start":{"line":32,"column":25},"end":{"line":44,"column":3}},"16":{"start":{"line":33,"column":4},"end":{"line":43,"column":6}},"17":{"start":{"line":49,"column":2},"end":{"line":82,"column":22}},"18":{"start":{"line":51,"column":4},"end":{"line":59,"column":5}},"19":{"start":{"line":52,"column":6},"end":{"line":58,"column":9}},"20":{"start":{"line":62,"column":4},"end":{"line":66,"column":5}},"21":{"start":{"line":63,"column":6},"end":{"line":63,"column":121}},"22":{"start":{"line":64,"column":6},"end":{"line":64,"column":31}},"23":{"start":{"line":65,"column":6},"end":{"line":65,"column":13}},"24":{"start":{"line":68,"column":4},"end":{"line":72,"column":5}},"25":{"start":{"line":69,"column":6},"end":{"line":69,"column":111}},"26":{"start":{"line":70,"column":6},"end":{"line":70,"column":31}},"27":{"start":{"line":71,"column":6},"end":{"line":71,"column":13}},"28":{"start":{"line":74,"column":4},"end":{"line":78,"column":5}},"29":{"start":{"line":75,"column":6},"end":{"line":75,"column":108}},"30":{"start":{"line":76,"column":6},"end":{"line":76,"column":31}},"31":{"start":{"line":77,"column":6},"end":{"line":77,"column":13}},"32":{"start":{"line":81,"column":4},"end":{"line":81,"column":29}},"33":{"start":{"line":89,"column":24},"end":{"line":123,"column":3}},"34":{"start":{"line":90,"column":4},"end":{"line":90,"column":55}},"35":{"start":{"line":91,"column":4},"end":{"line":91,"column":23}},"36":{"start":{"line":92,"column":4},"end":{"line":92,"column":22}},"37":{"start":{"line":96,"column":4},"end":{"line":122,"column":12}},"38":{"start":{"line":98,"column":23},"end":{"line":98,"column":24}},"39":{"start":{"line":99,"column":25},"end":{"line":99,"column":27}},"40":{"start":{"line":100,"column":25},"end":{"line":100,"column":28}},"41":{"start":{"line":102,"column":25},"end":{"line":118,"column":7}},"42":{"start":{"line":103,"column":8},"end":{"line":117,"column":9}},"43":{"start":{"line":104,"column":10},"end":{"line":104,"column":73}},"44":{"start":{"line":105,"column":10},"end":{"line":105,"column":29}},"45":{"start":{"line":106,"column":15},"end":{"line":117,"column":9}},"46":{"start":{"line":107,"column":10},"end":{"line":107,"column":23}},"47":{"start":{"line":108,"column":10},"end":{"line":108,"column":103}},"48":{"start":{"line":110,"column":10},"end":{"line":110,"column":45}},"49":{"start":{"line":113,"column":10},"end":{"line":113,"column":95}},"50":{"start":{"line":114,"column":10},"end":{"line":114,"column":111}},"51":{"start":{"line":115,"column":10},"end":{"line":115,"column":30}},"52":{"start":{"line":116,"column":10},"end":{"line":116,"column":30}},"53":{"start":{"line":121,"column":6},"end":{"line":121,"column":19}},"54":{"start":{"line":128,"column":25},"end":{"line":151,"column":3}},"55":{"start":{"line":129,"column":4},"end":{"line":129,"column":59}},"56":{"start":{"line":132,"column":23},"end":{"line":132,"column":57}},"57":{"start":{"line":134,"column":4},"end":{"line":146,"column":5}},"58":{"start":{"line":135,"column":6},"end":{"line":143,"column":7}},"59":{"start":{"line":136,"column":8},"end":{"line":136,"column":90}},"60":{"start":{"line":137,"column":13},"end":{"line":143,"column":7}},"61":{"start":{"line":138,"column":8},"end":{"line":138,"column":125}},"62":{"start":{"line":139,"column":13},"end":{"line":143,"column":7}},"63":{"start":{"line":140,"column":8},"end":{"line":140,"column":102}},"64":{"start":{"line":142,"column":8},"end":{"line":142,"column":77}},"65":{"start":{"line":145,"column":6},"end":{"line":145,"column":75}},"66":{"start":{"line":148,"column":4},"end":{"line":148,"column":30}},"67":{"start":{"line":149,"column":4},"end":{"line":149,"column":24}},"68":{"start":{"line":150,"column":4},"end":{"line":150,"column":24}},"69":{"start":{"line":156,"column":22},"end":{"line":166,"column":3}},"70":{"start":{"line":157,"column":4},"end":{"line":157,"column":22}},"71":{"start":{"line":158,"column":4},"end":{"line":158,"column":24}},"72":{"start":{"line":159,"column":4},"end":{"line":159,"column":24}},"73":{"start":{"line":160,"column":4},"end":{"line":160,"column":28}},"74":{"start":{"line":163,"column":4},"end":{"line":165,"column":12}},"75":{"start":{"line":164,"column":6},"end":{"line":164,"column":31}},"76":{"start":{"line":171,"column":32},"end":{"line":171,"column":70}},"77":{"start":{"line":176,"column":24},"end":{"line":250,"column":3}},"78":{"start":{"line":178,"column":4},"end":{"line":185,"column":5}},"79":{"start":{"line":179,"column":6},"end":{"line":184,"column":8}},"80":{"start":{"line":188,"column":4},"end":{"line":196,"column":5}},"81":{"start":{"line":189,"column":6},"end":{"line":195,"column":8}},"82":{"start":{"line":199,"column":4},"end":{"line":214,"column":5}},"83":{"start":{"line":200,"column":28},"end":{"line":200,"column":30}},"84":{"start":{"line":201,"column":6},"end":{"line":201,"column":74}},"85":{"start":{"line":201,"column":25},"end":{"line":201,"column":74}},"86":{"start":{"line":202,"column":6},"end":{"line":202,"column":77}},"87":{"start":{"line":202,"column":26},"end":{"line":202,"column":77}},"88":{"start":{"line":203,"column":6},"end":{"line":203,"column":87}},"89":{"start":{"line":203,"column":29},"end":{"line":203,"column":87}},"90":{"start":{"line":205,"column":27},"end":{"line":205,"column":108}},"91":{"start":{"line":207,"column":6},"end":{"line":213,"column":8}},"92":{"start":{"line":217,"column":4},"end":{"line":241,"column":5}},"93":{"start":{"line":218,"column":6},"end":{"line":240,"column":8}},"94":{"start":{"line":244,"column":4},"end":{"line":249,"column":6}},"95":{"start":{"line":252,"column":2},"end":{"line":341,"column":4}},"96":{"start":{"line":344,"column":0},"end":{"line":344,"column":19}}},"fnMap":{"0":{"name":"(anonymous_10)","decl":{"start":{"line":13,"column":22},"end":{"line":13,"column":25}},"loc":{"start":{"line":13,"column":27},"end":{"line":342,"column":1}}},"1":{"name":"(anonymous_11)","decl":{"start":{"line":32,"column":25},"end":{"line":32,"column":28}},"loc":{"start":{"line":32,"column":30},"end":{"line":44,"column":3}}},"2":{"name":"(anonymous_12)","decl":{"start":{"line":49,"column":12},"end":{"line":49,"column":15}},"loc":{"start":{"line":49,"column":17},"end":{"line":82,"column":3}}},"3":{"name":"(anonymous_13)","decl":{"start":{"line":89,"column":24},"end":{"line":89,"column":27}},"loc":{"start":{"line":89,"column":29},"end":{"line":123,"column":3}}},"4":{"name":"(anonymous_14)","decl":{"start":{"line":96,"column":15},"end":{"line":96,"column":18}},"loc":{"start":{"line":96,"column":20},"end":{"line":122,"column":5}}},"5":{"name":"(anonymous_15)","decl":{"start":{"line":102,"column":25},"end":{"line":102,"column":28}},"loc":{"start":{"line":102,"column":30},"end":{"line":118,"column":7}}},"6":{"name":"(anonymous_16)","decl":{"start":{"line":128,"column":25},"end":{"line":128,"column":26}},"loc":{"start":{"line":128,"column":44},"end":{"line":151,"column":3}}},"7":{"name":"(anonymous_17)","decl":{"start":{"line":156,"column":22},"end":{"line":156,"column":25}},"loc":{"start":{"line":156,"column":27},"end":{"line":166,"column":3}}},"8":{"name":"(anonymous_18)","decl":{"start":{"line":163,"column":15},"end":{"line":163,"column":18}},"loc":{"start":{"line":163,"column":20},"end":{"line":165,"column":5}}},"9":{"name":"(anonymous_19)","decl":{"start":{"line":176,"column":24},"end":{"line":176,"column":27}},"loc":{"start":{"line":176,"column":29},"end":{"line":250,"column":3}}}},"branchMap":{"0":{"loc":{"start":{"line":16,"column":16},"end":{"line":16,"column":72}},"type":"binary-expr","locations":[{"start":{"line":16,"column":16},"end":{"line":16,"column":55}},{"start":{"line":16,"column":59},"end":{"line":16,"column":72}}]},"1":{"loc":{"start":{"line":34,"column":6},"end":{"line":42,"column":45}},"type":"binary-expr","locations":[{"start":{"line":34,"column":6},"end":{"line":34,"column":19}},{"start":{"line":35,"column":6},"end":{"line":35,"column":24}},{"start":{"line":36,"column":6},"end":{"line":36,"column":50}},{"start":{"line":37,"column":6},"end":{"line":37,"column":53}},{"start":{"line":38,"column":6},"end":{"line":38,"column":57}},{"start":{"line":40,"column":6},"end":{"line":40,"column":38}},{"start":{"line":41,"column":6},"end":{"line":41,"column":41}},{"start":{"line":42,"column":6},"end":{"line":42,"column":45}}]},"2":{"loc":{"start":{"line":51,"column":4},"end":{"line":59,"column":5}},"type":"if","locations":[{"start":{"line":51,"column":4},"end":{"line":59,"column":5}}]},"3":{"loc":{"start":{"line":54,"column":22},"end":{"line":54,"column":41}},"type":"binary-expr","locations":[{"start":{"line":54,"column":22},"end":{"line":54,"column":36}},{"start":{"line":54,"column":40},"end":{"line":54,"column":41}}]},"4":{"loc":{"start":{"line":55,"column":22},"end":{"line":55,"column":69}},"type":"binary-expr","locations":[{"start":{"line":55,"column":22},"end":{"line":55,"column":54}},{"start":{"line":55,"column":58},"end":{"line":55,"column":69}}]},"5":{"loc":{"start":{"line":62,"column":4},"end":{"line":66,"column":5}},"type":"if","locations":[{"start":{"line":62,"column":4},"end":{"line":66,"column":5}}]},"6":{"loc":{"start":{"line":68,"column":4},"end":{"line":72,"column":5}},"type":"if","locations":[{"start":{"line":68,"column":4},"end":{"line":72,"column":5}}]},"7":{"loc":{"start":{"line":74,"column":4},"end":{"line":78,"column":5}},"type":"if","locations":[{"start":{"line":74,"column":4},"end":{"line":78,"column":5}}]},"8":{"loc":{"start":{"line":103,"column":8},"end":{"line":117,"column":9}},"type":"if","locations":[{"start":{"line":103,"column":8},"end":{"line":117,"column":9}},{"start":{"line":106,"column":15},"end":{"line":117,"column":9}}]},"9":{"loc":{"start":{"line":106,"column":15},"end":{"line":117,"column":9}},"type":"if","locations":[{"start":{"line":106,"column":15},"end":{"line":117,"column":9}},{"start":{"line":111,"column":15},"end":{"line":117,"column":9}}]},"10":{"loc":{"start":{"line":134,"column":4},"end":{"line":146,"column":5}},"type":"if","locations":[{"start":{"line":134,"column":4},"end":{"line":146,"column":5}},{"start":{"line":144,"column":11},"end":{"line":146,"column":5}}]},"11":{"loc":{"start":{"line":135,"column":6},"end":{"line":143,"column":7}},"type":"if","locations":[{"start":{"line":135,"column":6},"end":{"line":143,"column":7}},{"start":{"line":137,"column":13},"end":{"line":143,"column":7}}]},"12":{"loc":{"start":{"line":137,"column":13},"end":{"line":143,"column":7}},"type":"if","locations":[{"start":{"line":137,"column":13},"end":{"line":143,"column":7}},{"start":{"line":139,"column":13},"end":{"line":143,"column":7}}]},"13":{"loc":{"start":{"line":139,"column":13},"end":{"line":143,"column":7}},"type":"if","locations":[{"start":{"line":139,"column":13},"end":{"line":143,"column":7}},{"start":{"line":141,"column":13},"end":{"line":143,"column":7}}]},"14":{"loc":{"start":{"line":171,"column":32},"end":{"line":171,"column":70}},"type":"binary-expr","locations":[{"start":{"line":171,"column":32},"end":{"line":171,"column":47}},{"start":{"line":171,"column":51},"end":{"line":171,"column":60}},{"start":{"line":171,"column":64},"end":{"line":171,"column":70}}]},"15":{"loc":{"start":{"line":178,"column":4},"end":{"line":185,"column":5}},"type":"if","locations":[{"start":{"line":178,"column":4},"end":{"line":185,"column":5}}]},"16":{"loc":{"start":{"line":188,"column":4},"end":{"line":196,"column":5}},"type":"if","locations":[{"start":{"line":188,"column":4},"end":{"line":196,"column":5}}]},"17":{"loc":{"start":{"line":199,"column":4},"end":{"line":214,"column":5}},"type":"if","locations":[{"start":{"line":199,"column":4},"end":{"line":214,"column":5}}]},"18":{"loc":{"start":{"line":201,"column":6},"end":{"line":201,"column":74}},"type":"if","locations":[{"start":{"line":201,"column":6},"end":{"line":201,"column":74}}]},"19":{"loc":{"start":{"line":202,"column":6},"end":{"line":202,"column":77}},"type":"if","locations":[{"start":{"line":202,"column":6},"end":{"line":202,"column":77}}]},"20":{"loc":{"start":{"line":203,"column":6},"end":{"line":203,"column":87}},"type":"if","locations":[{"start":{"line":203,"column":6},"end":{"line":203,"column":87}}]},"21":{"loc":{"start":{"line":205,"column":27},"end":{"line":205,"column":108}},"type":"cond-expr","locations":[{"start":{"line":205,"column":54},"end":{"line":205,"column":80}},{"start":{"line":205,"column":83},"end":{"line":205,"column":108}}]},"22":{"loc":{"start":{"line":217,"column":4},"end":{"line":241,"column":5}},"type":"if","locations":[{"start":{"line":217,"column":4},"end":{"line":241,"column":5}}]},"23":{"loc":{"start":{"line":227,"column":11},"end":{"line":237,"column":null}},"type":"cond-expr","locations":[{"start":{"line":228,"column":12},"end":{"line":228,"column":86}},{"start":{"line":230,"column":12},"end":{"line":236,"column":null}}]},"24":{"loc":{"start":{"line":227,"column":11},"end":{"line":227,"column":33}},"type":"binary-expr","locations":[{"start":{"line":227,"column":11},"end":{"line":227,"column":20}},{"start":{"line":227,"column":24},"end":{"line":227,"column":33}}]},"25":{"loc":{"start":{"line":232,"column":16},"end":{"line":234,"column":48}},"type":"cond-expr","locations":[{"start":{"line":233,"column":20},"end":{"line":233,"column":62}},{"start":{"line":234,"column":20},"end":{"line":234,"column":48}}]}},"s":{"0":0,"1":0,"2":0,"3":0,"4":0,"5":0,"6":0,"7":0,"8":0,"9":0,"10":0,"11":0,"12":0,"13":0,"14":0,"15":0,"16":0,"17":0,"18":0,"19":0,"20":0,"21":0,"22":0,"23":0,"24":0,"25":0,"26":0,"27":0,"28":0,"29":0,"30":0,"31":0,"32":0,"33":0,"34":0,"35":0,"36":0,"37":0,"38":0,"39":0,"40":0,"41":0,"42":0,"43":0,"44":0,"45":0,"46":0,"47":0,"48":0,"49":0,"50":0,"51":0,"52":0,"53":0,"54":0,"55":0,"56":0,"57":0,"58":0,"59":0,"60":0,"61":0,"62":0,"63":0,"64":0,"65":0,"66":0,"67":0,"68":0,"69":0,"70":0,"71":0,"72":0,"73":0,"74":0,"75":0,"76":0,"77":0,"78":0,"79":0,"80":0,"81":0,"82":0,"83":0,"84":0,"85":0,"86":0,"87":0,"88":0,"89":0,"90":0,"91":0,"92":0,"93":0,"94":0,"95":0,"96":0},"f":{"0":0,"1":0,"2":0,"3":0,"4":0,"5":0,"6":0,"7":0,"8":0,"9":0},"b":{"0":[0,0],"1":[0,0,0,0,0,0,0,0],"2":[0],"3":[0,0],"4":[0,0],"5":[0],"6":[0],"7":[0],"8":[0,0],"9":[0,0],"10":[0,0],"11":[0,0],"12":[0,0],"13":[0,0],"14":[0,0,0],"15":[0],"16":[0],"17":[0],"18":[0],"19":[0],"20":[0],"21":[0,0],"22":[0],"23":[0,0],"24":[0,0],"25":[0,0]}}
,"/Users/arthurturnbull/Developer/tx-hs-fed-grantee/src/debug-env.tsx": {"path":"/Users/arthurturnbull/Developer/tx-hs-fed-grantee/src/debug-env.tsx","statementMap":{"0":{"start":{"line":1,"column":0},"end":{"line":1,"column":51}},"1":{"start":{"line":3,"column":27},"end":{"line":107,"column":1}},"2":{"start":{"line":4,"column":42},"end":{"line":4,"column":64}},"3":{"start":{"line":5,"column":50},"end":{"line":5,"column":81}},"4":{"start":{"line":7,"column":2},"end":{"line":55,"column":9}},"5":{"start":{"line":8,"column":30},"end":{"line":8,"column":32}},"6":{"start":{"line":11,"column":19},"end":{"line":11,"column":59}},"7":{"start":{"line":12,"column":18},"end":{"line":12,"column":57}},"8":{"start":{"line":13,"column":24},"end":{"line":13,"column":61}},"9":{"start":{"line":15,"column":4},"end":{"line":15,"column":56}},"10":{"start":{"line":16,"column":4},"end":{"line":16,"column":164}},"11":{"start":{"line":17,"column":4},"end":{"line":17,"column":90}},"12":{"start":{"line":18,"column":4},"end":{"line":18,"column":138}},"13":{"start":{"line":20,"column":4},"end":{"line":20,"column":29}},"14":{"start":{"line":23,"column":28},"end":{"line":52,"column":5}},"15":{"start":{"line":24,"column":6},"end":{"line":51,"column":7}},"16":{"start":{"line":25,"column":8},"end":{"line":25,"column":61}},"17":{"start":{"line":28,"column":29},"end":{"line":28,"column":31}},"18":{"start":{"line":29,"column":8},"end":{"line":33,"column":9}},"19":{"start":{"line":30,"column":10},"end":{"line":30,"column":49}},"20":{"start":{"line":32,"column":10},"end":{"line":32,"column":49}},"21":{"start":{"line":35,"column":8},"end":{"line":39,"column":9}},"22":{"start":{"line":36,"column":10},"end":{"line":36,"column":52}},"23":{"start":{"line":38,"column":10},"end":{"line":38,"column":52}},"24":{"start":{"line":41,"column":8},"end":{"line":45,"column":9}},"25":{"start":{"line":42,"column":10},"end":{"line":42,"column":56}},"26":{"start":{"line":44,"column":10},"end":{"line":44,"column":56}},"27":{"start":{"line":47,"column":8},"end":{"line":47,"column":60}},"28":{"start":{"line":47,"column":32},"end":{"line":47,"column":58}},"29":{"start":{"line":49,"column":8},"end":{"line":49,"column":56}},"30":{"start":{"line":50,"column":8},"end":{"line":50,"column":42}},"31":{"start":{"line":54,"column":4},"end":{"line":54,"column":37}},"32":{"start":{"line":57,"column":2},"end":{"line":106,"column":4}},"33":{"start":{"line":64,"column":12},"end":{"line":64,"column":29}},"34":{"start":{"line":78,"column":27},"end":{"line":78,"column":51}},"35":{"start":{"line":85,"column":14},"end":{"line":85,"column":59}},"36":{"start":{"line":86,"column":14},"end":{"line":86,"column":45}},"37":{"start":{"line":87,"column":14},"end":{"line":87,"column":57}},"38":{"start":{"line":109,"column":0},"end":{"line":109,"column":24}}},"fnMap":{"0":{"name":"(anonymous_9)","decl":{"start":{"line":3,"column":27},"end":{"line":3,"column":30}},"loc":{"start":{"line":3,"column":32},"end":{"line":107,"column":1}}},"1":{"name":"(anonymous_10)","decl":{"start":{"line":7,"column":12},"end":{"line":7,"column":15}},"loc":{"start":{"line":7,"column":17},"end":{"line":55,"column":3}}},"2":{"name":"(anonymous_11)","decl":{"start":{"line":23,"column":28},"end":{"line":23,"column":31}},"loc":{"start":{"line":23,"column":33},"end":{"line":52,"column":5}}},"3":{"name":"(anonymous_12)","decl":{"start":{"line":47,"column":24},"end":{"line":47,"column":28}},"loc":{"start":{"line":47,"column":32},"end":{"line":47,"column":58}}},"4":{"name":"(anonymous_13)","decl":{"start":{"line":63,"column":28},"end":{"line":63,"column":29}},"loc":{"start":{"line":64,"column":12},"end":{"line":64,"column":29}}},"5":{"name":"(anonymous_14)","decl":{"start":{"line":78,"column":21},"end":{"line":78,"column":24}},"loc":{"start":{"line":78,"column":27},"end":{"line":78,"column":51}}},"6":{"name":"(anonymous_15)","decl":{"start":{"line":84,"column":21},"end":{"line":84,"column":24}},"loc":{"start":{"line":84,"column":26},"end":{"line":88,"column":13}}}},"branchMap":{"0":{"loc":{"start":{"line":16,"column":20},"end":{"line":16,"column":38}},"type":"cond-expr","locations":[{"start":{"line":16,"column":29},"end":{"line":16,"column":32}},{"start":{"line":16,"column":35},"end":{"line":16,"column":38}}]},"1":{"loc":{"start":{"line":16,"column":68},"end":{"line":16,"column":160}},"type":"cond-expr","locations":[{"start":{"line":16,"column":77},"end":{"line":16,"column":146}},{"start":{"line":16,"column":149},"end":{"line":16,"column":160}}]},"2":{"loc":{"start":{"line":17,"column":20},"end":{"line":17,"column":37}},"type":"cond-expr","locations":[{"start":{"line":17,"column":28},"end":{"line":17,"column":31}},{"start":{"line":17,"column":34},"end":{"line":17,"column":37}}]},"3":{"loc":{"start":{"line":17,"column":66},"end":{"line":17,"column":86}},"type":"binary-expr","locations":[{"start":{"line":17,"column":66},"end":{"line":17,"column":71}},{"start":{"line":17,"column":75},"end":{"line":17,"column":86}}]},"4":{"loc":{"start":{"line":18,"column":20},"end":{"line":18,"column":43}},"type":"cond-expr","locations":[{"start":{"line":18,"column":34},"end":{"line":18,"column":37}},{"start":{"line":18,"column":40},"end":{"line":18,"column":43}}]},"5":{"loc":{"start":{"line":18,"column":70},"end":{"line":18,"column":134}},"type":"cond-expr","locations":[{"start":{"line":18,"column":84},"end":{"line":18,"column":120}},{"start":{"line":18,"column":123},"end":{"line":18,"column":134}}]},"6":{"loc":{"start":{"line":24,"column":6},"end":{"line":51,"column":7}},"type":"if","locations":[{"start":{"line":24,"column":6},"end":{"line":51,"column":7}},{"start":{"line":48,"column":13},"end":{"line":51,"column":7}}]},"7":{"loc":{"start":{"line":24,"column":10},"end":{"line":24,"column":45}},"type":"binary-expr","locations":[{"start":{"line":24,"column":10},"end":{"line":24,"column":23}},{"start":{"line":24,"column":27},"end":{"line":24,"column":45}}]},"8":{"loc":{"start":{"line":29,"column":8},"end":{"line":33,"column":9}},"type":"if","locations":[{"start":{"line":29,"column":8},"end":{"line":33,"column":9}},{"start":{"line":31,"column":15},"end":{"line":33,"column":9}}]},"9":{"loc":{"start":{"line":35,"column":8},"end":{"line":39,"column":9}},"type":"if","locations":[{"start":{"line":35,"column":8},"end":{"line":39,"column":9}},{"start":{"line":37,"column":15},"end":{"line":39,"column":9}}]},"10":{"loc":{"start":{"line":41,"column":8},"end":{"line":45,"column":9}},"type":"if","locations":[{"start":{"line":41,"column":8},"end":{"line":45,"column":9}},{"start":{"line":43,"column":15},"end":{"line":45,"column":9}}]}},"s":{"0":0,"1":0,"2":0,"3":0,"4":0,"5":0,"6":0,"7":0,"8":0,"9":0,"10":0,"11":0,"12":0,"13":0,"14":0,"15":0,"16":0,"17":0,"18":0,"19":0,"20":0,"21":0,"22":0,"23":0,"24":0,"25":0,"26":0,"27":0,"28":0,"29":0,"30":0,"31":0,"32":0,"33":0,"34":0,"35":0,"36":0,"37":0,"38":0},"f":{"0":0,"1":0,"2":0,"3":0,"4":0,"5":0,"6":0},"b":{"0":[0,0],"1":[0,0],"2":[0,0],"3":[0,0],"4":[0,0],"5":[0,0],"6":[0,0],"7":[0,0],"8":[0,0],"9":[0,0],"10":[0,0]}}
,"/Users/arthurturnbull/Developer/tx-hs-fed-grantee/src/api/congress.ts": {"path":"/Users/arthurturnbull/Developer/tx-hs-fed-grantee/src/api/congress.ts","statementMap":{"0":{"start":{"line":14,"column":0},"end":{"line":14,"column":7}},"1":{"start":{"line":24,"column":0},"end":{"line":24,"column":16}},"2":{"start":{"line":1,"column":39},"end":{"line":1,"column":41}},"3":{"start":{"line":4,"column":18},"end":{"line":12,"column":1}},"4":{"start":{"line":6,"column":2},"end":{"line":8,"column":3}},"5":{"start":{"line":7,"column":4},"end":{"line":7,"column":45}},"6":{"start":{"line":11,"column":2},"end":{"line":11,"column":12}},"7":{"start":{"line":15,"column":2},"end":{"line":15,"column":34}},"8":{"start":{"line":15,"column":17},"end":{"line":15,"column":34}},"9":{"start":{"line":16,"column":17},"end":{"line":16,"column":28}},"10":{"start":{"line":17,"column":14},"end":{"line":17,"column":91}},"11":{"start":{"line":18,"column":15},"end":{"line":18,"column":31}},"12":{"start":{"line":19,"column":2},"end":{"line":19,"column":19}},"13":{"start":{"line":20,"column":2},"end":{"line":20,"column":14}},"14":{"start":{"line":25,"column":2},"end":{"line":25,"column":55}},"15":{"start":{"line":25,"column":36},"end":{"line":25,"column":53}}},"fnMap":{"0":{"name":"(anonymous_0)","decl":{"start":{"line":4,"column":18},"end":{"line":4,"column":29}},"loc":{"start":{"line":4,"column":31},"end":{"line":12,"column":1}}},"1":{"name":"getBill","decl":{"start":{"line":14,"column":22},"end":{"line":14,"column":29}},"loc":{"start":{"line":14,"column":40},"end":{"line":21,"column":1}}},"2":{"name":"clearCache","decl":{"start":{"line":24,"column":16},"end":{"line":24,"column":26}},"loc":{"start":{"line":24,"column":26},"end":{"line":26,"column":1}}},"3":{"name":"(anonymous_3)","decl":{"start":{"line":25,"column":29},"end":{"line":25,"column":32}},"loc":{"start":{"line":25,"column":36},"end":{"line":25,"column":53}}}},"branchMap":{"0":{"loc":{"start":{"line":6,"column":2},"end":{"line":8,"column":3}},"type":"if","locations":[{"start":{"line":6,"column":2},"end":{"line":8,"column":3}}]},"1":{"loc":{"start":{"line":6,"column":6},"end":{"line":6,"column":74}},"type":"binary-expr","locations":[{"start":{"line":6,"column":6},"end":{"line":6,"column":36}},{"start":{"line":6,"column":40},"end":{"line":6,"column":74}}]},"2":{"loc":{"start":{"line":15,"column":2},"end":{"line":15,"column":34}},"type":"if","locations":[{"start":{"line":15,"column":2},"end":{"line":15,"column":34}}]}},"s":{"0":1,"1":1,"2":1,"3":1,"4":7,"5":7,"6":0,"7":7,"8":0,"9":7,"10":7,"11":5,"12":4,"13":4,"14":7,"15":4},"f":{"0":7,"1":7,"2":7,"3":4},"b":{"0":[7],"1":[7,7],"2":[0]}}
,"/Users/arthurturnbull/Developer/tx-hs-fed-grantee/src/components/AccessibilityChecker.tsx": {"path":"/Users/arthurturnbull/Developer/tx-hs-fed-grantee/src/components/AccessibilityChecker.tsx","statementMap":{"0":{"start":{"line":1,"column":0},"end":{"line":1,"column":51}},"1":{"start":{"line":2,"column":0},"end":{"line":2,"column":74}},"2":{"start":{"line":29,"column":66},"end":{"line":300,"column":1}},"3":{"start":{"line":34,"column":30},"end":{"line":34,"column":64}},"4":{"start":{"line":35,"column":36},"end":{"line":35,"column":51}},"5":{"start":{"line":36,"column":30},"end":{"line":36,"column":45}},"6":{"start":{"line":37,"column":36},"end":{"line":37,"column":51}},"7":{"start":{"line":42,"column":20},"end":{"line":122,"column":3}},"8":{"start":{"line":43,"column":4},"end":{"line":43,"column":23}},"9":{"start":{"line":44,"column":4},"end":{"line":44,"column":18}},"10":{"start":{"line":46,"column":4},"end":{"line":121,"column":5}},"11":{"start":{"line":48,"column":6},"end":{"line":48,"column":62}},"12":{"start":{"line":48,"column":35},"end":{"line":48,"column":60}},"13":{"start":{"line":51,"column":46},"end":{"line":51,"column":48}},"14":{"start":{"line":54,"column":6},"end":{"line":64,"column":9}},"15":{"start":{"line":55,"column":8},"end":{"line":63,"column":9}},"16":{"start":{"line":56,"column":10},"end":{"line":62,"column":13}},"17":{"start":{"line":67,"column":6},"end":{"line":77,"column":9}},"18":{"start":{"line":68,"column":8},"end":{"line":76,"column":9}},"19":{"start":{"line":69,"column":10},"end":{"line":75,"column":13}},"20":{"start":{"line":80,"column":34},"end":{"line":90,"column":8}},"21":{"start":{"line":81,"column":22},"end":{"line":81,"column":49}},"22":{"start":{"line":82,"column":22},"end":{"line":82,"column":33}},"23":{"start":{"line":83,"column":24},"end":{"line":83,"column":45}},"24":{"start":{"line":86,"column":8},"end":{"line":89,"column":10}},"25":{"start":{"line":92,"column":6},"end":{"line":100,"column":9}},"26":{"start":{"line":93,"column":8},"end":{"line":99,"column":11}},"27":{"start":{"line":103,"column":6},"end":{"line":113,"column":9}},"28":{"start":{"line":104,"column":8},"end":{"line":112,"column":9}},"29":{"start":{"line":105,"column":10},"end":{"line":111,"column":13}},"30":{"start":{"line":116,"column":6},"end":{"line":116,"column":27}},"31":{"start":{"line":118,"column":6},"end":{"line":118,"column":66}},"32":{"start":{"line":120,"column":6},"end":{"line":120,"column":26}},"33":{"start":{"line":127,"column":2},"end":{"line":140,"column":16}},"34":{"start":{"line":128,"column":4},"end":{"line":130,"column":5}},"35":{"start":{"line":129,"column":6},"end":{"line":129,"column":18}},"36":{"start":{"line":133,"column":18},"end":{"line":135,"column":12}},"37":{"start":{"line":134,"column":6},"end":{"line":134,"column":25}},"38":{"start":{"line":137,"column":4},"end":{"line":139,"column":6}},"39":{"start":{"line":138,"column":6},"end":{"line":138,"column":26}},"40":{"start":{"line":143,"column":2},"end":{"line":145,"column":3}},"41":{"start":{"line":144,"column":4},"end":{"line":144,"column":16}},"42":{"start":{"line":147,"column":2},"end":{"line":299,"column":4}},"43":{"start":{"line":152,"column":25},"end":{"line":152,"column":40}},"44":{"start":{"line":180,"column":29},"end":{"line":180,"column":45}},"45":{"start":{"line":226,"column":22},"end":{"line":227,"column":null}},"46":{"start":{"line":302,"column":0},"end":{"line":302,"column":36}}},"fnMap":{"0":{"name":"(anonymous_9)","decl":{"start":{"line":29,"column":66},"end":{"line":29,"column":67}},"loc":{"start":{"line":32,"column":5},"end":{"line":300,"column":1}}},"1":{"name":"(anonymous_10)","decl":{"start":{"line":42,"column":20},"end":{"line":42,"column":25}},"loc":{"start":{"line":42,"column":31},"end":{"line":122,"column":3}}},"2":{"name":"(anonymous_11)","decl":{"start":{"line":48,"column":24},"end":{"line":48,"column":31}},"loc":{"start":{"line":48,"column":35},"end":{"line":48,"column":60}}},"3":{"name":"(anonymous_12)","decl":{"start":{"line":54,"column":47},"end":{"line":54,"column":48}},"loc":{"start":{"line":54,"column":62},"end":{"line":64,"column":7}}},"4":{"name":"(anonymous_13)","decl":{"start":{"line":67,"column":50},"end":{"line":67,"column":51}},"loc":{"start":{"line":67,"column":68},"end":{"line":77,"column":7}}},"5":{"name":"(anonymous_14)","decl":{"start":{"line":80,"column":84},"end":{"line":80,"column":86}},"loc":{"start":{"line":80,"column":89},"end":{"line":90,"column":7}}},"6":{"name":"(anonymous_15)","decl":{"start":{"line":92,"column":34},"end":{"line":92,"column":35}},"loc":{"start":{"line":92,"column":48},"end":{"line":100,"column":7}}},"7":{"name":"(anonymous_16)","decl":{"start":{"line":103,"column":70},"end":{"line":103,"column":71}},"loc":{"start":{"line":103,"column":84},"end":{"line":113,"column":7}}},"8":{"name":"(anonymous_17)","decl":{"start":{"line":127,"column":12},"end":{"line":127,"column":15}},"loc":{"start":{"line":127,"column":17},"end":{"line":140,"column":3}}},"9":{"name":"(anonymous_18)","decl":{"start":{"line":133,"column":29},"end":{"line":133,"column":32}},"loc":{"start":{"line":133,"column":34},"end":{"line":135,"column":5}}},"10":{"name":"(anonymous_19)","decl":{"start":{"line":137,"column":11},"end":{"line":137,"column":14}},"loc":{"start":{"line":137,"column":16},"end":{"line":139,"column":5}}},"11":{"name":"(anonymous_20)","decl":{"start":{"line":152,"column":19},"end":{"line":152,"column":22}},"loc":{"start":{"line":152,"column":25},"end":{"line":152,"column":40}}},"12":{"name":"(anonymous_21)","decl":{"start":{"line":180,"column":23},"end":{"line":180,"column":26}},"loc":{"start":{"line":180,"column":29},"end":{"line":180,"column":45}}},"13":{"name":"(anonymous_22)","decl":{"start":{"line":225,"column":32},"end":{"line":225,"column":37}},"loc":{"start":{"line":226,"column":22},"end":{"line":227,"column":null}}}},"branchMap":{"0":{"loc":{"start":{"line":30,"column":2},"end":{"line":30,"column":17}},"type":"default-arg","locations":[{"start":{"line":30,"column":12},"end":{"line":30,"column":17}}]},"1":{"loc":{"start":{"line":31,"column":2},"end":{"line":31,"column":28}},"type":"default-arg","locations":[{"start":{"line":31,"column":9},"end":{"line":31,"column":28}}]},"2":{"loc":{"start":{"line":55,"column":8},"end":{"line":63,"column":9}},"type":"if","locations":[{"start":{"line":55,"column":8},"end":{"line":63,"column":9}}]},"3":{"loc":{"start":{"line":68,"column":8},"end":{"line":76,"column":9}},"type":"if","locations":[{"start":{"line":68,"column":8},"end":{"line":76,"column":9}}]},"4":{"loc":{"start":{"line":68,"column":12},"end":{"line":68,"column":77}},"type":"binary-expr","locations":[{"start":{"line":68,"column":12},"end":{"line":68,"column":39}},{"start":{"line":68,"column":43},"end":{"line":68,"column":77}}]},"5":{"loc":{"start":{"line":71,"column":55},"end":{"line":71,"column":97}},"type":"cond-expr","locations":[{"start":{"line":71,"column":87},"end":{"line":71,"column":92}},{"start":{"line":71,"column":95},"end":{"line":71,"column":97}}]},"6":{"loc":{"start":{"line":87,"column":10},"end":{"line":88,"column":76}},"type":"binary-expr","locations":[{"start":{"line":87,"column":10},"end":{"line":87,"column":40}},{"start":{"line":87,"column":44},"end":{"line":87,"column":76}},{"start":{"line":88,"column":10},"end":{"line":88,"column":40}},{"start":{"line":88,"column":44},"end":{"line":88,"column":76}}]},"7":{"loc":{"start":{"line":95,"column":49},"end":{"line":95,"column":87}},"type":"cond-expr","locations":[{"start":{"line":95,"column":77},"end":{"line":95,"column":82}},{"start":{"line":95,"column":85},"end":{"line":95,"column":87}}]},"8":{"loc":{"start":{"line":104,"column":8},"end":{"line":112,"column":9}},"type":"if","locations":[{"start":{"line":104,"column":8},"end":{"line":112,"column":9}}]},"9":{"loc":{"start":{"line":104,"column":12},"end":{"line":104,"column":83}},"type":"binary-expr","locations":[{"start":{"line":104,"column":12},"end":{"line":104,"column":48}},{"start":{"line":104,"column":52},"end":{"line":104,"column":83}}]},"10":{"loc":{"start":{"line":107,"column":51},"end":{"line":107,"column":89}},"type":"cond-expr","locations":[{"start":{"line":107,"column":79},"end":{"line":107,"column":84}},{"start":{"line":107,"column":87},"end":{"line":107,"column":89}}]},"11":{"loc":{"start":{"line":128,"column":4},"end":{"line":130,"column":5}},"type":"if","locations":[{"start":{"line":128,"column":4},"end":{"line":130,"column":5}}]},"12":{"loc":{"start":{"line":143,"column":2},"end":{"line":145,"column":3}},"type":"if","locations":[{"start":{"line":143,"column":2},"end":{"line":145,"column":3}}]},"13":{"loc":{"start":{"line":143,"column":6},"end":{"line":143,"column":25}},"type":"binary-expr","locations":[{"start":{"line":143,"column":6},"end":{"line":143,"column":11}},{"start":{"line":143,"column":15},"end":{"line":143,"column":25}}]},"14":{"loc":{"start":{"line":150,"column":7},"end":{"line":165,"column":null}},"type":"binary-expr","locations":[{"start":{"line":150,"column":7},"end":{"line":150,"column":14}},{"start":{"line":151,"column":8},"end":{"line":164,"column":null}}]},"15":{"loc":{"start":{"line":160,"column":11},"end":{"line":163,"column":null}},"type":"binary-expr","locations":[{"start":{"line":160,"column":11},"end":{"line":160,"column":28}},{"start":{"line":161,"column":12},"end":{"line":162,"column":null}}]},"16":{"loc":{"start":{"line":169,"column":7},"end":{"line":296,"column":null}},"type":"binary-expr","locations":[{"start":{"line":169,"column":7},"end":{"line":169,"column":13}},{"start":{"line":170,"column":8},"end":{"line":295,"column":null}}]},"17":{"loc":{"start":{"line":196,"column":28},"end":{"line":196,"column":102}},"type":"cond-expr","locations":[{"start":{"line":196,"column":40},"end":{"line":196,"column":73}},{"start":{"line":196,"column":76},"end":{"line":196,"column":102}}]},"18":{"loc":{"start":{"line":199,"column":23},"end":{"line":199,"column":83}},"type":"cond-expr","locations":[{"start":{"line":199,"column":35},"end":{"line":199,"column":54}},{"start":{"line":199,"column":57},"end":{"line":199,"column":83}}]},"19":{"loc":{"start":{"line":203,"column":15},"end":{"line":284,"column":null}},"type":"cond-expr","locations":[{"start":{"line":204,"column":16},"end":{"line":271,"column":null}},{"start":{"line":273,"column":18},"end":{"line":284,"column":null}}]},"20":{"loc":{"start":{"line":207,"column":50},"end":{"line":207,"column":80}},"type":"cond-expr","locations":[{"start":{"line":207,"column":72},"end":{"line":207,"column":75}},{"start":{"line":207,"column":78},"end":{"line":207,"column":80}}]},"21":{"loc":{"start":{"line":210,"column":22},"end":{"line":214,"column":null}},"type":"cond-expr","locations":[{"start":{"line":211,"column":26},"end":{"line":211,"column":61}},{"start":{"line":212,"column":26},"end":{"line":214,"column":null}}]},"22":{"loc":{"start":{"line":212,"column":26},"end":{"line":214,"column":null}},"type":"cond-expr","locations":[{"start":{"line":213,"column":28},"end":{"line":213,"column":65}},{"start":{"line":214,"column":28},"end":{"line":214,"column":null}}]},"23":{"loc":{"start":{"line":216,"column":23},"end":{"line":220,"column":35}},"type":"cond-expr","locations":[{"start":{"line":217,"column":26},"end":{"line":217,"column":36}},{"start":{"line":218,"column":26},"end":{"line":220,"column":35}}]},"24":{"loc":{"start":{"line":218,"column":26},"end":{"line":220,"column":35}},"type":"cond-expr","locations":[{"start":{"line":219,"column":28},"end":{"line":219,"column":37}},{"start":{"line":220,"column":28},"end":{"line":220,"column":35}}]},"25":{"loc":{"start":{"line":231,"column":26},"end":{"line":235,"column":null}},"type":"cond-expr","locations":[{"start":{"line":232,"column":30},"end":{"line":232,"column":46}},{"start":{"line":233,"column":30},"end":{"line":235,"column":null}}]},"26":{"loc":{"start":{"line":233,"column":30},"end":{"line":235,"column":null}},"type":"cond-expr","locations":[{"start":{"line":234,"column":32},"end":{"line":234,"column":49}},{"start":{"line":235,"column":32},"end":{"line":235,"column":null}}]},"27":{"loc":{"start":{"line":239,"column":30},"end":{"line":243,"column":null}},"type":"cond-expr","locations":[{"start":{"line":240,"column":34},"end":{"line":240,"column":53}},{"start":{"line":241,"column":34},"end":{"line":243,"column":null}}]},"28":{"loc":{"start":{"line":241,"column":34},"end":{"line":243,"column":null}},"type":"cond-expr","locations":[{"start":{"line":242,"column":36},"end":{"line":242,"column":56}},{"start":{"line":243,"column":36},"end":{"line":243,"column":null}}]},"29":{"loc":{"start":{"line":256,"column":25},"end":{"line":267,"column":null}},"type":"binary-expr","locations":[{"start":{"line":256,"column":25},"end":{"line":256,"column":38}},{"start":{"line":257,"column":26},"end":{"line":266,"column":null}}]},"30":{"loc":{"start":{"line":273,"column":18},"end":{"line":284,"column":null}},"type":"cond-expr","locations":[{"start":{"line":274,"column":16},"end":{"line":276,"column":null}},{"start":{"line":279,"column":16},"end":{"line":283,"column":null}}]}},"s":{"0":0,"1":0,"2":0,"3":0,"4":0,"5":0,"6":0,"7":0,"8":0,"9":0,"10":0,"11":0,"12":0,"13":0,"14":0,"15":0,"16":0,"17":0,"18":0,"19":0,"20":0,"21":0,"22":0,"23":0,"24":0,"25":0,"26":0,"27":0,"28":0,"29":0,"30":0,"31":0,"32":0,"33":0,"34":0,"35":0,"36":0,"37":0,"38":0,"39":0,"40":0,"41":0,"42":0,"43":0,"44":0,"45":0,"46":0},"f":{"0":0,"1":0,"2":0,"3":0,"4":0,"5":0,"6":0,"7":0,"8":0,"9":0,"10":0,"11":0,"12":0,"13":0},"b":{"0":[0],"1":[0],"2":[0],"3":[0],"4":[0,0],"5":[0,0],"6":[0,0,0,0],"7":[0,0],"8":[0],"9":[0,0],"10":[0,0],"11":[0],"12":[0],"13":[0,0],"14":[0,0],"15":[0,0],"16":[0,0],"17":[0,0],"18":[0,0],"19":[0,0],"20":[0,0],"21":[0,0],"22":[0,0],"23":[0,0],"24":[0,0],"25":[0,0],"26":[0,0],"27":[0,0],"28":[0,0],"29":[0,0],"30":[0,0]}}
,"/Users/arthurturnbull/Developer/tx-hs-fed-grantee/src/components/CongressDataDebug.tsx": {"path":"/Users/arthurturnbull/Developer/tx-hs-fed-grantee/src/components/CongressDataDebug.tsx","statementMap":{"0":{"start":{"line":1,"column":0},"end":{"line":1,"column":51}},"1":{"start":{"line":7,"column":67},"end":{"line":94,"column":1}},"2":{"start":{"line":8,"column":34},"end":{"line":8,"column":53}},"3":{"start":{"line":9,"column":34},"end":{"line":9,"column":49}},"4":{"start":{"line":11,"column":2},"end":{"line":17,"column":9}},"5":{"start":{"line":13,"column":4},"end":{"line":16,"column":66}},"6":{"start":{"line":14,"column":19},"end":{"line":14,"column":29}},"7":{"start":{"line":15,"column":20},"end":{"line":15,"column":37}},"8":{"start":{"line":16,"column":20},"end":{"line":16,"column":64}},"9":{"start":{"line":19,"column":22},"end":{"line":19,"column":66}},"10":{"start":{"line":21,"column":2},"end":{"line":35,"column":3}},"11":{"start":{"line":22,"column":4},"end":{"line":34,"column":6}},"12":{"start":{"line":27,"column":27},"end":{"line":27,"column":44}},"13":{"start":{"line":37,"column":31},"end":{"line":49,"column":4}},"14":{"start":{"line":37,"column":49},"end":{"line":49,"column":4}},"15":{"start":{"line":48,"column":72},"end":{"line":48,"column":78}},"16":{"start":{"line":51,"column":2},"end":{"line":93,"column":4}},"17":{"start":{"line":59,"column":27},"end":{"line":59,"column":49}},"18":{"start":{"line":71,"column":12},"end":{"line":71,"column":29}},"19":{"start":{"line":7,"column":13},"end":{"line":7,"column":67}}},"fnMap":{"0":{"name":"(anonymous_9)","decl":{"start":{"line":7,"column":67},"end":{"line":7,"column":68}},"loc":{"start":{"line":7,"column":88},"end":{"line":94,"column":1}}},"1":{"name":"(anonymous_10)","decl":{"start":{"line":11,"column":12},"end":{"line":11,"column":15}},"loc":{"start":{"line":11,"column":17},"end":{"line":17,"column":3}}},"2":{"name":"(anonymous_11)","decl":{"start":{"line":14,"column":12},"end":{"line":14,"column":15}},"loc":{"start":{"line":14,"column":19},"end":{"line":14,"column":29}}},"3":{"name":"(anonymous_12)","decl":{"start":{"line":15,"column":12},"end":{"line":15,"column":16}},"loc":{"start":{"line":15,"column":20},"end":{"line":15,"column":37}}},"4":{"name":"(anonymous_13)","decl":{"start":{"line":16,"column":13},"end":{"line":16,"column":16}},"loc":{"start":{"line":16,"column":20},"end":{"line":16,"column":64}}},"5":{"name":"(anonymous_14)","decl":{"start":{"line":27,"column":21},"end":{"line":27,"column":24}},"loc":{"start":{"line":27,"column":27},"end":{"line":27,"column":44}}},"6":{"name":"(anonymous_15)","decl":{"start":{"line":37,"column":31},"end":{"line":37,"column":32}},"loc":{"start":{"line":37,"column":49},"end":{"line":49,"column":4}}},"7":{"name":"(anonymous_16)","decl":{"start":{"line":48,"column":60},"end":{"line":48,"column":61}},"loc":{"start":{"line":48,"column":72},"end":{"line":48,"column":78}}},"8":{"name":"(anonymous_17)","decl":{"start":{"line":59,"column":21},"end":{"line":59,"column":24}},"loc":{"start":{"line":59,"column":27},"end":{"line":59,"column":49}}},"9":{"name":"(anonymous_18)","decl":{"start":{"line":70,"column":47},"end":{"line":70,"column":48}},"loc":{"start":{"line":71,"column":12},"end":{"line":71,"column":29}}}},"branchMap":{"0":{"loc":{"start":{"line":19,"column":22},"end":{"line":19,"column":66}},"type":"binary-expr","locations":[{"start":{"line":19,"column":22},"end":{"line":19,"column":34}},{"start":{"line":19,"column":39},"end":{"line":19,"column":65}}]},"1":{"loc":{"start":{"line":19,"column":39},"end":{"line":19,"column":65}},"type":"cond-expr","locations":[{"start":{"line":19,"column":50},"end":{"line":19,"column":58}},{"start":{"line":19,"column":61},"end":{"line":19,"column":65}}]},"2":{"loc":{"start":{"line":21,"column":2},"end":{"line":35,"column":3}},"type":"if","locations":[{"start":{"line":21,"column":2},"end":{"line":35,"column":3}}]},"3":{"loc":{"start":{"line":25,"column":9},"end":{"line":31,"column":null}},"type":"binary-expr","locations":[{"start":{"line":25,"column":9},"end":{"line":25,"column":17}},{"start":{"line":26,"column":10},"end":{"line":28,"column":null}}]},"4":{"loc":{"start":{"line":48,"column":16},"end":{"line":48,"column":85}},"type":"binary-expr","locations":[{"start":{"line":48,"column":16},"end":{"line":48,"column":79}},{"start":{"line":48,"column":83},"end":{"line":48,"column":85}}]},"5":{"loc":{"start":{"line":55,"column":11},"end":{"line":55,"column":88}},"type":"cond-expr","locations":[{"start":{"line":55,"column":26},"end":{"line":55,"column":54}},{"start":{"line":55,"column":57},"end":{"line":55,"column":88}}]},"6":{"loc":{"start":{"line":57,"column":9},"end":{"line":63,"column":null}},"type":"binary-expr","locations":[{"start":{"line":57,"column":9},"end":{"line":57,"column":22}},{"start":{"line":57,"column":26},"end":{"line":57,"column":34}},{"start":{"line":58,"column":10},"end":{"line":62,"column":null}}]},"7":{"loc":{"start":{"line":62,"column":13},"end":{"line":62,"column":49}},"type":"cond-expr","locations":[{"start":{"line":62,"column":24},"end":{"line":62,"column":35}},{"start":{"line":62,"column":38},"end":{"line":62,"column":49}}]},"8":{"loc":{"start":{"line":67,"column":7},"end":{"line":83,"column":null}},"type":"binary-expr","locations":[{"start":{"line":67,"column":7},"end":{"line":67,"column":26}},{"start":{"line":68,"column":8},"end":{"line":82,"column":null}}]}},"s":{"0":0,"1":0,"2":0,"3":0,"4":0,"5":0,"6":0,"7":0,"8":0,"9":0,"10":0,"11":0,"12":0,"13":0,"14":0,"15":0,"16":0,"17":0,"18":0,"19":0},"f":{"0":0,"1":0,"2":0,"3":0,"4":0,"5":0,"6":0,"7":0,"8":0,"9":0},"b":{"0":[0,0],"1":[0,0],"2":[0],"3":[0,0],"4":[0,0],"5":[0,0],"6":[0,0,0],"7":[0,0],"8":[0,0]}}
,"/Users/arthurturnbull/Developer/tx-hs-fed-grantee/src/components/ErrorDisplay.tsx": {"path":"/Users/arthurturnbull/Developer/tx-hs-fed-grantee/src/components/ErrorDisplay.tsx","statementMap":{"0":{"start":{"line":1,"column":0},"end":{"line":1,"column":26}},"1":{"start":{"line":2,"column":0},"end":{"line":2,"column":98}},"2":{"start":{"line":19,"column":50},"end":{"line":225,"column":1}},"3":{"start":{"line":28,"column":24},"end":{"line":31,"column":69}},"4":{"start":{"line":36,"column":24},"end":{"line":39,"column":65}},"5":{"start":{"line":44,"column":22},"end":{"line":47,"column":57}},"6":{"start":{"line":49,"column":2},"end":{"line":224,"column":4}},"7":{"start":{"line":227,"column":0},"end":{"line":227,"column":28}}},"fnMap":{"0":{"name":"(anonymous_1)","decl":{"start":{"line":19,"column":50},"end":{"line":19,"column":51}},"loc":{"start":{"line":24,"column":5},"end":{"line":225,"column":1}}}},"branchMap":{"0":{"loc":{"start":{"line":22,"column":2},"end":{"line":22,"column":23}},"type":"default-arg","locations":[{"start":{"line":22,"column":14},"end":{"line":22,"column":23}}]},"1":{"loc":{"start":{"line":28,"column":24},"end":{"line":31,"column":69}},"type":"binary-expr","locations":[{"start":{"line":28,"column":24},"end":{"line":28,"column":43}},{"start":{"line":29,"column":23},"end":{"line":29,"column":62}},{"start":{"line":30,"column":23},"end":{"line":30,"column":62}},{"start":{"line":31,"column":23},"end":{"line":31,"column":69}}]},"2":{"loc":{"start":{"line":36,"column":24},"end":{"line":39,"column":65}},"type":"binary-expr","locations":[{"start":{"line":36,"column":24},"end":{"line":36,"column":43}},{"start":{"line":37,"column":23},"end":{"line":37,"column":63}},{"start":{"line":38,"column":23},"end":{"line":38,"column":61}},{"start":{"line":39,"column":23},"end":{"line":39,"column":65}}]},"3":{"loc":{"start":{"line":44,"column":22},"end":{"line":47,"column":57}},"type":"binary-expr","locations":[{"start":{"line":44,"column":22},"end":{"line":44,"column":42}},{"start":{"line":45,"column":21},"end":{"line":45,"column":60}},{"start":{"line":46,"column":21},"end":{"line":46,"column":57}},{"start":{"line":47,"column":21},"end":{"line":47,"column":57}}]},"4":{"loc":{"start":{"line":54,"column":11},"end":{"line":59,"column":null}},"type":"cond-expr","locations":[{"start":{"line":55,"column":12},"end":{"line":55,"column":55}},{"start":{"line":56,"column":14},"end":{"line":59,"column":null}}]},"5":{"loc":{"start":{"line":56,"column":14},"end":{"line":59,"column":null}},"type":"cond-expr","locations":[{"start":{"line":57,"column":12},"end":{"line":57,"column":55}},{"start":{"line":59,"column":12},"end":{"line":59,"column":60}}]},"6":{"loc":{"start":{"line":65,"column":11},"end":{"line":67,"column":30}},"type":"cond-expr","locations":[{"start":{"line":65,"column":27},"end":{"line":65,"column":51}},{"start":{"line":66,"column":11},"end":{"line":67,"column":30}}]},"7":{"loc":{"start":{"line":66,"column":11},"end":{"line":67,"column":30}},"type":"cond-expr","locations":[{"start":{"line":66,"column":25},"end":{"line":66,"column":45}},{"start":{"line":67,"column":11},"end":{"line":67,"column":30}}]},"8":{"loc":{"start":{"line":76,"column":9},"end":{"line":79,"column":null}},"type":"binary-expr","locations":[{"start":{"line":76,"column":9},"end":{"line":76,"column":16}},{"start":{"line":77,"column":10},"end":{"line":78,"column":null}}]},"9":{"loc":{"start":{"line":84,"column":11},"end":{"line":92,"column":null}},"type":"binary-expr","locations":[{"start":{"line":84,"column":11},"end":{"line":84,"column":18}},{"start":{"line":85,"column":12},"end":{"line":91,"column":null}}]},"10":{"loc":{"start":{"line":96,"column":11},"end":{"line":106,"column":null}},"type":"binary-expr","locations":[{"start":{"line":96,"column":11},"end":{"line":96,"column":24}},{"start":{"line":97,"column":12},"end":{"line":105,"column":null}}]},"11":{"loc":{"start":{"line":110,"column":11},"end":{"line":120,"column":null}},"type":"binary-expr","locations":[{"start":{"line":110,"column":11},"end":{"line":110,"column":22}},{"start":{"line":111,"column":12},"end":{"line":119,"column":null}}]},"12":{"loc":{"start":{"line":127,"column":13},"end":{"line":130,"column":null}},"type":"cond-expr","locations":[{"start":{"line":128,"column":14},"end":{"line":128,"column":80}},{"start":{"line":130,"column":14},"end":{"line":130,"column":82}}]},"13":{"loc":{"start":{"line":133,"column":15},"end":{"line":135,"column":37}},"type":"cond-expr","locations":[{"start":{"line":133,"column":31},"end":{"line":133,"column":51}},{"start":{"line":134,"column":15},"end":{"line":135,"column":37}}]},"14":{"loc":{"start":{"line":134,"column":15},"end":{"line":135,"column":37}},"type":"cond-expr","locations":[{"start":{"line":134,"column":29},"end":{"line":134,"column":51}},{"start":{"line":135,"column":15},"end":{"line":135,"column":37}}]},"15":{"loc":{"start":{"line":139,"column":11},"end":{"line":219,"column":null}},"type":"cond-expr","locations":[{"start":{"line":140,"column":12},"end":{"line":157,"column":null}},{"start":{"line":159,"column":14},"end":{"line":219,"column":null}}]},"16":{"loc":{"start":{"line":159,"column":14},"end":{"line":219,"column":null}},"type":"cond-expr","locations":[{"start":{"line":160,"column":12},"end":{"line":176,"column":null}},{"start":{"line":178,"column":14},"end":{"line":219,"column":null}}]},"17":{"loc":{"start":{"line":178,"column":14},"end":{"line":219,"column":null}},"type":"cond-expr","locations":[{"start":{"line":179,"column":12},"end":{"line":195,"column":null}},{"start":{"line":198,"column":12},"end":{"line":218,"column":null}}]}},"s":{"0":2,"1":2,"2":2,"3":28,"4":28,"5":28,"6":28,"7":2},"f":{"0":28},"b":{"0":[13],"1":[28,23,22,22],"2":[28,23,23,23],"3":[28,21,20,20],"4":[8,20],"5":[6,14],"6":[6,22],"7":[8,14],"8":[28,2],"9":[28,25],"10":[28,6],"11":[28,8],"12":[8,20],"13":[6,22],"14":[8,14],"15":[6,22],"16":[8,14],"17":[0,14]}}
,"/Users/arthurturnbull/Developer/tx-hs-fed-grantee/src/components/LoadingSpinner.tsx": {"path":"/Users/arthurturnbull/Developer/tx-hs-fed-grantee/src/components/LoadingSpinner.tsx","statementMap":{"0":{"start":{"line":1,"column":0},"end":{"line":1,"column":26}},"1":{"start":{"line":2,"column":0},"end":{"line":2,"column":47}},"2":{"start":{"line":15,"column":54},"end":{"line":68,"column":1}},"3":{"start":{"line":20,"column":22},"end":{"line":24,"column":4}},"4":{"start":{"line":26,"column":26},"end":{"line":30,"column":4}},"5":{"start":{"line":32,"column":2},"end":{"line":67,"column":4}},"6":{"start":{"line":70,"column":0},"end":{"line":70,"column":30}}},"fnMap":{"0":{"name":"(anonymous_1)","decl":{"start":{"line":15,"column":54},"end":{"line":15,"column":55}},"loc":{"start":{"line":18,"column":5},"end":{"line":68,"column":1}}}},"branchMap":{"0":{"loc":{"start":{"line":16,"column":2},"end":{"line":16,"column":34}},"type":"default-arg","locations":[{"start":{"line":16,"column":12},"end":{"line":16,"column":34}}]},"1":{"loc":{"start":{"line":17,"column":2},"end":{"line":17,"column":13}},"type":"default-arg","locations":[{"start":{"line":17,"column":9},"end":{"line":17,"column":13}}]}},"s":{"0":2,"1":2,"2":2,"3":12,"4":12,"5":12,"6":2},"f":{"0":12},"b":{"0":[8],"1":[6]}}
,"/Users/arthurturnbull/Developer/tx-hs-fed-grantee/src/components/MapControls.tsx": {"path":"/Users/arthurturnbull/Developer/tx-hs-fed-grantee/src/components/MapControls.tsx","statementMap":{"0":{"start":{"line":1,"column":0},"end":{"line":1,"column":72}},"1":{"start":{"line":2,"column":0},"end":{"line":2,"column":62}},"2":{"start":{"line":22,"column":48},"end":{"line":291,"column":1}},"3":{"start":{"line":29,"column":38},"end":{"line":29,"column":53}},"4":{"start":{"line":30,"column":42},"end":{"line":30,"column":68}},"5":{"start":{"line":31,"column":18},"end":{"line":31,"column":46}},"6":{"start":{"line":32,"column":33},"end":{"line":32,"column":68}},"7":{"start":{"line":33,"column":20},"end":{"line":39,"column":17}},"8":{"start":{"line":45,"column":28},"end":{"line":65,"column":37}},"9":{"start":{"line":46,"column":4},"end":{"line":46,"column":62}},"10":{"start":{"line":46,"column":55},"end":{"line":46,"column":62}},"11":{"start":{"line":49,"column":4},"end":{"line":49,"column":24}},"12":{"start":{"line":50,"column":4},"end":{"line":50,"column":23}},"13":{"start":{"line":53,"column":5},"end":{"line":53,"column":61}},"14":{"start":{"line":55,"column":4},"end":{"line":55,"column":24}},"15":{"start":{"line":58,"column":4},"end":{"line":64,"column":6}},"16":{"start":{"line":70,"column":28},"end":{"line":92,"column":23}},"17":{"start":{"line":71,"column":4},"end":{"line":71,"column":64}},"18":{"start":{"line":71,"column":57},"end":{"line":71,"column":64}},"19":{"start":{"line":73,"column":54},"end":{"line":73,"column":71}},"20":{"start":{"line":75,"column":15},"end":{"line":75,"column":34}},"21":{"start":{"line":76,"column":15},"end":{"line":76,"column":34}},"22":{"start":{"line":79,"column":20},"end":{"line":79,"column":67}},"23":{"start":{"line":80,"column":21},"end":{"line":80,"column":61}},"24":{"start":{"line":82,"column":4},"end":{"line":82,"column":26}},"25":{"start":{"line":82,"column":19},"end":{"line":82,"column":26}},"26":{"start":{"line":85,"column":17},"end":{"line":85,"column":52}},"27":{"start":{"line":86,"column":17},"end":{"line":86,"column":54}},"28":{"start":{"line":88,"column":17},"end":{"line":88,"column":60}},"29":{"start":{"line":89,"column":17},"end":{"line":89,"column":59}},"30":{"start":{"line":91,"column":4},"end":{"line":91,"column":42}},"31":{"start":{"line":97,"column":26},"end":{"line":105,"column":8}},"32":{"start":{"line":98,"column":4},"end":{"line":98,"column":35}},"33":{"start":{"line":98,"column":28},"end":{"line":98,"column":35}},"34":{"start":{"line":100,"column":4},"end":{"line":100,"column":25}},"35":{"start":{"line":101,"column":4},"end":{"line":101,"column":29}},"36":{"start":{"line":104,"column":5},"end":{"line":104,"column":65}},"37":{"start":{"line":110,"column":24},"end":{"line":144,"column":37}},"38":{"start":{"line":111,"column":4},"end":{"line":111,"column":42}},"39":{"start":{"line":111,"column":35},"end":{"line":111,"column":42}},"40":{"start":{"line":113,"column":21},"end":{"line":113,"column":23}},"41":{"start":{"line":114,"column":20},"end":{"line":114,"column":67}},"42":{"start":{"line":115,"column":21},"end":{"line":115,"column":61}},"43":{"start":{"line":117,"column":4},"end":{"line":117,"column":26}},"44":{"start":{"line":117,"column":19},"end":{"line":117,"column":26}},"45":{"start":{"line":119,"column":15},"end":{"line":119,"column":29}},"46":{"start":{"line":120,"column":15},"end":{"line":120,"column":29}},"47":{"start":{"line":122,"column":4},"end":{"line":141,"column":5}},"48":{"start":{"line":124,"column":8},"end":{"line":124,"column":27}},"49":{"start":{"line":125,"column":8},"end":{"line":125,"column":54}},"50":{"start":{"line":126,"column":8},"end":{"line":126,"column":14}},"51":{"start":{"line":128,"column":8},"end":{"line":128,"column":27}},"52":{"start":{"line":129,"column":8},"end":{"line":129,"column":90}},"53":{"start":{"line":130,"column":8},"end":{"line":130,"column":14}},"54":{"start":{"line":132,"column":8},"end":{"line":132,"column":27}},"55":{"start":{"line":133,"column":8},"end":{"line":133,"column":54}},"56":{"start":{"line":134,"column":8},"end":{"line":134,"column":14}},"57":{"start":{"line":136,"column":8},"end":{"line":136,"column":27}},"58":{"start":{"line":137,"column":8},"end":{"line":137,"column":88}},"59":{"start":{"line":138,"column":8},"end":{"line":138,"column":14}},"60":{"start":{"line":140,"column":8},"end":{"line":140,"column":15}},"61":{"start":{"line":143,"column":4},"end":{"line":143,"column":42}},"62":{"start":{"line":149,"column":2},"end":{"line":151,"column":24}},"63":{"start":{"line":150,"column":4},"end":{"line":150,"column":70}},"64":{"start":{"line":156,"column":2},"end":{"line":162,"column":9}},"65":{"start":{"line":157,"column":4},"end":{"line":161,"column":6}},"66":{"start":{"line":160,"column":6},"end":{"line":160,"column":31}},"67":{"start":{"line":164,"column":2},"end":{"line":290,"column":4}},"68":{"start":{"line":194,"column":10},"end":{"line":194,"column":29}},"69":{"start":{"line":195,"column":10},"end":{"line":195,"column":30}},"70":{"start":{"line":196,"column":10},"end":{"line":196,"column":31}},"71":{"start":{"line":198,"column":24},"end":{"line":198,"column":43}},"72":{"start":{"line":215,"column":27},"end":{"line":215,"column":52}},"73":{"start":{"line":250,"column":27},"end":{"line":250,"column":62}},"74":{"start":{"line":293,"column":0},"end":{"line":293,"column":27}}},"fnMap":{"0":{"name":"(anonymous_9)","decl":{"start":{"line":22,"column":48},"end":{"line":22,"column":49}},"loc":{"start":{"line":27,"column":5},"end":{"line":291,"column":1}}},"1":{"name":"(anonymous_10)","decl":{"start":{"line":45,"column":40},"end":{"line":45,"column":41}},"loc":{"start":{"line":45,"column":66},"end":{"line":65,"column":3}}},"2":{"name":"(anonymous_11)","decl":{"start":{"line":70,"column":40},"end":{"line":70,"column":41}},"loc":{"start":{"line":70,"column":66},"end":{"line":92,"column":3}}},"3":{"name":"(anonymous_12)","decl":{"start":{"line":97,"column":38},"end":{"line":97,"column":39}},"loc":{"start":{"line":97,"column":64},"end":{"line":105,"column":3}}},"4":{"name":"(anonymous_13)","decl":{"start":{"line":110,"column":36},"end":{"line":110,"column":37}},"loc":{"start":{"line":110,"column":63},"end":{"line":144,"column":3}}},"5":{"name":"(anonymous_14)","decl":{"start":{"line":149,"column":12},"end":{"line":149,"column":15}},"loc":{"start":{"line":149,"column":17},"end":{"line":151,"column":3}}},"6":{"name":"(anonymous_15)","decl":{"start":{"line":156,"column":12},"end":{"line":156,"column":15}},"loc":{"start":{"line":156,"column":17},"end":{"line":162,"column":3}}},"7":{"name":"(anonymous_16)","decl":{"start":{"line":157,"column":11},"end":{"line":157,"column":14}},"loc":{"start":{"line":157,"column":16},"end":{"line":161,"column":5}}},"8":{"name":"(anonymous_17)","decl":{"start":{"line":193,"column":23},"end":{"line":193,"column":24}},"loc":{"start":{"line":193,"column":29},"end":{"line":197,"column":9}}},"9":{"name":"(anonymous_18)","decl":{"start":{"line":198,"column":17},"end":{"line":198,"column":18}},"loc":{"start":{"line":198,"column":24},"end":{"line":198,"column":43}}},"10":{"name":"(anonymous_19)","decl":{"start":{"line":215,"column":21},"end":{"line":215,"column":24}},"loc":{"start":{"line":215,"column":27},"end":{"line":215,"column":52}}},"11":{"name":"(anonymous_20)","decl":{"start":{"line":250,"column":21},"end":{"line":250,"column":24}},"loc":{"start":{"line":250,"column":27},"end":{"line":250,"column":62}}}},"branchMap":{"0":{"loc":{"start":{"line":46,"column":4},"end":{"line":46,"column":62}},"type":"if","locations":[{"start":{"line":46,"column":4},"end":{"line":46,"column":62}}]},"1":{"loc":{"start":{"line":46,"column":8},"end":{"line":46,"column":53}},"type":"binary-expr","locations":[{"start":{"line":46,"column":8},"end":{"line":46,"column":24}},{"start":{"line":46,"column":28},"end":{"line":46,"column":53}}]},"2":{"loc":{"start":{"line":71,"column":4},"end":{"line":71,"column":64}},"type":"if","locations":[{"start":{"line":71,"column":4},"end":{"line":71,"column":64}}]},"3":{"loc":{"start":{"line":71,"column":8},"end":{"line":71,"column":55}},"type":"binary-expr","locations":[{"start":{"line":71,"column":8},"end":{"line":71,"column":26}},{"start":{"line":71,"column":30},"end":{"line":71,"column":55}}]},"4":{"loc":{"start":{"line":82,"column":4},"end":{"line":82,"column":26}},"type":"if","locations":[{"start":{"line":82,"column":4},"end":{"line":82,"column":26}}]},"5":{"loc":{"start":{"line":98,"column":4},"end":{"line":98,"column":35}},"type":"if","locations":[{"start":{"line":98,"column":4},"end":{"line":98,"column":35}}]},"6":{"loc":{"start":{"line":111,"column":4},"end":{"line":111,"column":42}},"type":"if","locations":[{"start":{"line":111,"column":4},"end":{"line":111,"column":42}}]},"7":{"loc":{"start":{"line":117,"column":4},"end":{"line":117,"column":26}},"type":"if","locations":[{"start":{"line":117,"column":4},"end":{"line":117,"column":26}}]},"8":{"loc":{"start":{"line":122,"column":4},"end":{"line":141,"column":5}},"type":"switch","locations":[{"start":{"line":123,"column":6},"end":{"line":126,"column":14}},{"start":{"line":127,"column":6},"end":{"line":130,"column":14}},{"start":{"line":131,"column":6},"end":{"line":134,"column":14}},{"start":{"line":135,"column":6},"end":{"line":138,"column":14}},{"start":{"line":139,"column":6},"end":{"line":140,"column":15}}]},"9":{"loc":{"start":{"line":150,"column":37},"end":{"line":150,"column":69}},"type":"binary-expr","locations":[{"start":{"line":150,"column":37},"end":{"line":150,"column":61}},{"start":{"line":150,"column":65},"end":{"line":150,"column":69}}]},"10":{"loc":{"start":{"line":168,"column":8},"end":{"line":168,"column":null}},"type":"cond-expr","locations":[{"start":{"line":168,"column":21},"end":{"line":168,"column":59}},{"start":{"line":168,"column":62},"end":{"line":168,"column":null}}]},"11":{"loc":{"start":{"line":173,"column":20},"end":{"line":173,"column":48}},"type":"cond-expr","locations":[{"start":{"line":173,"column":33},"end":{"line":173,"column":39}},{"start":{"line":173,"column":42},"end":{"line":173,"column":48}}]},"12":{"loc":{"start":{"line":217,"column":14},"end":{"line":217,"column":null}},"type":"cond-expr","locations":[{"start":{"line":217,"column":41},"end":{"line":217,"column":62}},{"start":{"line":217,"column":65},"end":{"line":217,"column":null}}]},"13":{"loc":{"start":{"line":225,"column":16},"end":{"line":227,"column":null}},"type":"cond-expr","locations":[{"start":{"line":226,"column":20},"end":{"line":226,"column":53}},{"start":{"line":227,"column":20},"end":{"line":227,"column":null}}]},"14":{"loc":{"start":{"line":233,"column":18},"end":{"line":233,"column":null}},"type":"cond-expr","locations":[{"start":{"line":233,"column":45},"end":{"line":233,"column":69}},{"start":{"line":233,"column":72},"end":{"line":233,"column":null}}]},"15":{"loc":{"start":{"line":243,"column":14},"end":{"line":245,"column":null}},"type":"cond-expr","locations":[{"start":{"line":244,"column":18},"end":{"line":244,"column":65}},{"start":{"line":245,"column":18},"end":{"line":245,"column":null}}]},"16":{"loc":{"start":{"line":252,"column":14},"end":{"line":252,"column":null}},"type":"cond-expr","locations":[{"start":{"line":252,"column":51},"end":{"line":252,"column":71}},{"start":{"line":252,"column":74},"end":{"line":252,"column":null}}]},"17":{"loc":{"start":{"line":260,"column":16},"end":{"line":262,"column":null}},"type":"cond-expr","locations":[{"start":{"line":261,"column":20},"end":{"line":261,"column":52}},{"start":{"line":262,"column":20},"end":{"line":262,"column":null}}]},"18":{"loc":{"start":{"line":264,"column":17},"end":{"line":267,"column":null}},"type":"cond-expr","locations":[{"start":{"line":265,"column":18},"end":{"line":265,"column":45}},{"start":{"line":267,"column":18},"end":{"line":267,"column":48}}]},"19":{"loc":{"start":{"line":272,"column":18},"end":{"line":272,"column":null}},"type":"cond-expr","locations":[{"start":{"line":272,"column":55},"end":{"line":272,"column":78}},{"start":{"line":272,"column":81},"end":{"line":272,"column":null}}]},"20":{"loc":{"start":{"line":282,"column":14},"end":{"line":284,"column":null}},"type":"cond-expr","locations":[{"start":{"line":283,"column":18},"end":{"line":283,"column":63}},{"start":{"line":284,"column":18},"end":{"line":284,"column":null}}]}},"s":{"0":2,"1":2,"2":2,"3":26,"4":26,"5":26,"6":26,"7":26,"8":26,"9":0,"10":0,"11":0,"12":0,"13":0,"14":0,"15":0,"16":26,"17":0,"18":0,"19":0,"20":0,"21":0,"22":0,"23":0,"24":0,"25":0,"26":0,"27":0,"28":0,"29":0,"30":0,"31":26,"32":0,"33":0,"34":0,"35":0,"36":0,"37":26,"38":0,"39":0,"40":0,"41":0,"42":0,"43":0,"44":0,"45":0,"46":0,"47":0,"48":0,"49":0,"50":0,"51":0,"52":0,"53":0,"54":0,"55":0,"56":0,"57":0,"58":0,"59":0,"60":0,"61":0,"62":26,"63":14,"64":26,"65":14,"66":14,"67":26,"68":0,"69":0,"70":0,"71":0,"72":2,"73":1,"74":2},"f":{"0":26,"1":0,"2":0,"3":0,"4":0,"5":14,"6":14,"7":14,"8":0,"9":0,"10":2,"11":1},"b":{"0":[0],"1":[0,0],"2":[0],"3":[0,0],"4":[0],"5":[0],"6":[0],"7":[0],"8":[0,0,0,0,0],"9":[14,8],"10":[0,26],"11":[0,26],"12":[23,3],"13":[23,3],"14":[23,3],"15":[23,3],"16":[1,25],"17":[1,25],"18":[1,25],"19":[1,25],"20":[1,25]}}
,"/Users/arthurturnbull/Developer/tx-hs-fed-grantee/src/components/ResponsiveWrapper.tsx": {"path":"/Users/arthurturnbull/Developer/tx-hs-fed-grantee/src/components/ResponsiveWrapper.tsx","statementMap":{"0":{"start":{"line":1,"column":0},"end":{"line":1,"column":51}},"1":{"start":{"line":2,"column":0},"end":{"line":2,"column":70}},"2":{"start":{"line":22,"column":22},"end":{"line":47,"column":2}},"3":{"start":{"line":53,"column":60},"end":{"line":145,"column":1}},"4":{"start":{"line":58,"column":38},"end":{"line":58,"column":66}},"5":{"start":{"line":61,"column":38},"end":{"line":64,"column":4}},"6":{"start":{"line":67,"column":2},"end":{"line":82,"column":9}},"7":{"start":{"line":68,"column":4},"end":{"line":68,"column":46}},"8":{"start":{"line":68,"column":39},"end":{"line":68,"column":46}},"9":{"start":{"line":70,"column":25},"end":{"line":75,"column":5}},"10":{"start":{"line":71,"column":6},"end":{"line":74,"column":9}},"11":{"start":{"line":77,"column":4},"end":{"line":77,"column":52}},"12":{"start":{"line":79,"column":4},"end":{"line":81,"column":6}},"13":{"start":{"line":80,"column":6},"end":{"line":80,"column":57}},"14":{"start":{"line":85,"column":2},"end":{"line":87,"column":3}},"15":{"start":{"line":86,"column":4},"end":{"line":86,"column":27}},"16":{"start":{"line":90,"column":24},"end":{"line":90,"column":49}},"17":{"start":{"line":93,"column":46},"end":{"line":101,"column":4}},"18":{"start":{"line":103,"column":2},"end":{"line":144,"column":4}},"19":{"start":{"line":109,"column":27},"end":{"line":109,"column":46}},"20":{"start":{"line":110,"column":25},"end":{"line":110,"column":36}},"21":{"start":{"line":112,"column":12},"end":{"line":127,"column":14}},"22":{"start":{"line":115,"column":31},"end":{"line":115,"column":50}},"23":{"start":{"line":147,"column":0},"end":{"line":147,"column":33}}},"fnMap":{"0":{"name":"(anonymous_9)","decl":{"start":{"line":53,"column":60},"end":{"line":53,"column":61}},"loc":{"start":{"line":56,"column":5},"end":{"line":145,"column":1}}},"1":{"name":"(anonymous_10)","decl":{"start":{"line":67,"column":12},"end":{"line":67,"column":15}},"loc":{"start":{"line":67,"column":17},"end":{"line":82,"column":3}}},"2":{"name":"(anonymous_11)","decl":{"start":{"line":70,"column":25},"end":{"line":70,"column":28}},"loc":{"start":{"line":70,"column":30},"end":{"line":75,"column":5}}},"3":{"name":"(anonymous_12)","decl":{"start":{"line":79,"column":11},"end":{"line":79,"column":14}},"loc":{"start":{"line":79,"column":16},"end":{"line":81,"column":5}}},"4":{"name":"(anonymous_13)","decl":{"start":{"line":108,"column":60},"end":{"line":108,"column":61}},"loc":{"start":{"line":108,"column":69},"end":{"line":128,"column":11}}},"5":{"name":"(anonymous_14)","decl":{"start":{"line":115,"column":25},"end":{"line":115,"column":28}},"loc":{"start":{"line":115,"column":31},"end":{"line":115,"column":50}}}},"branchMap":{"0":{"loc":{"start":{"line":55,"column":2},"end":{"line":55,"column":28}},"type":"default-arg","locations":[{"start":{"line":55,"column":23},"end":{"line":55,"column":28}}]},"1":{"loc":{"start":{"line":62,"column":11},"end":{"line":62,"column":67}},"type":"cond-expr","locations":[{"start":{"line":62,"column":43},"end":{"line":62,"column":60}},{"start":{"line":62,"column":63},"end":{"line":62,"column":67}}]},"2":{"loc":{"start":{"line":63,"column":12},"end":{"line":63,"column":68}},"type":"cond-expr","locations":[{"start":{"line":63,"column":44},"end":{"line":63,"column":62}},{"start":{"line":63,"column":65},"end":{"line":63,"column":68}}]},"3":{"loc":{"start":{"line":68,"column":4},"end":{"line":68,"column":46}},"type":"if","locations":[{"start":{"line":68,"column":4},"end":{"line":68,"column":46}}]},"4":{"loc":{"start":{"line":85,"column":2},"end":{"line":87,"column":3}},"type":"if","locations":[{"start":{"line":85,"column":2},"end":{"line":87,"column":3}}]},"5":{"loc":{"start":{"line":94,"column":11},"end":{"line":94,"column":63}},"type":"cond-expr","locations":[{"start":{"line":94,"column":35},"end":{"line":94,"column":41}},{"start":{"line":94,"column":44},"end":{"line":94,"column":63}}]},"6":{"loc":{"start":{"line":95,"column":12},"end":{"line":95,"column":65}},"type":"cond-expr","locations":[{"start":{"line":95,"column":36},"end":{"line":95,"column":42}},{"start":{"line":95,"column":45},"end":{"line":95,"column":65}}]},"7":{"loc":{"start":{"line":96,"column":12},"end":{"line":96,"column":51}},"type":"cond-expr","locations":[{"start":{"line":96,"column":36},"end":{"line":96,"column":37}},{"start":{"line":96,"column":40},"end":{"line":96,"column":51}}]},"8":{"loc":{"start":{"line":97,"column":12},"end":{"line":97,"column":64}},"type":"cond-expr","locations":[{"start":{"line":97,"column":36},"end":{"line":97,"column":42}},{"start":{"line":97,"column":45},"end":{"line":97,"column":64}}]},"9":{"loc":{"start":{"line":98,"column":18},"end":{"line":98,"column":51}},"type":"cond-expr","locations":[{"start":{"line":98,"column":42},"end":{"line":98,"column":43}},{"start":{"line":98,"column":46},"end":{"line":98,"column":51}}]},"10":{"loc":{"start":{"line":100,"column":15},"end":{"line":100,"column":119}},"type":"cond-expr","locations":[{"start":{"line":100,"column":39},"end":{"line":100,"column":45}},{"start":{"line":100,"column":48},"end":{"line":100,"column":119}}]},"11":{"loc":{"start":{"line":117,"column":18},"end":{"line":119,"column":null}},"type":"cond-expr","locations":[{"start":{"line":118,"column":22},"end":{"line":118,"column":55}},{"start":{"line":119,"column":22},"end":{"line":119,"column":null}}]},"12":{"loc":{"start":{"line":121,"column":43},"end":{"line":121,"column":110}},"type":"cond-expr","locations":[{"start":{"line":121,"column":61},"end":{"line":121,"column":73}},{"start":{"line":121,"column":76},"end":{"line":121,"column":110}}]},"13":{"loc":{"start":{"line":133,"column":11},"end":{"line":135,"column":62}},"type":"cond-expr","locations":[{"start":{"line":134,"column":14},"end":{"line":134,"column":56}},{"start":{"line":135,"column":14},"end":{"line":135,"column":62}}]}},"s":{"0":1,"1":1,"2":1,"3":1,"4":27,"5":27,"6":27,"7":23,"8":0,"9":23,"10":1,"11":23,"12":23,"13":23,"14":27,"15":4,"16":23,"17":23,"18":23,"19":92,"20":92,"21":92,"22":3,"23":1},"f":{"0":27,"1":23,"2":1,"3":23,"4":92,"5":3},"b":{"0":[3],"1":[27,0],"2":[27,0],"3":[0],"4":[4],"5":[20,3],"6":[20,3],"7":[20,3],"8":[20,3],"9":[20,3],"10":[20,3],"11":[23,69],"12":[23,69],"13":[20,3]}}
,"/Users/arthurturnbull/Developer/tx-hs-fed-grantee/src/components/SearchBar.tsx": {"path":"/Users/arthurturnbull/Developer/tx-hs-fed-grantee/src/components/SearchBar.tsx","statementMap":{"0":{"start":{"line":1,"column":0},"end":{"line":1,"column":59}},"1":{"start":{"line":3,"column":0},"end":{"line":3,"column":41}},"2":{"start":{"line":35,"column":44},"end":{"line":166,"column":1}},"3":{"start":{"line":48,"column":19},"end":{"line":48,"column":49}},"4":{"start":{"line":51,"column":36},"end":{"line":51,"column":51}},"5":{"start":{"line":56,"column":2},"end":{"line":60,"column":18}},"6":{"start":{"line":57,"column":4},"end":{"line":59,"column":5}},"7":{"start":{"line":58,"column":6},"end":{"line":58,"column":31}},"8":{"start":{"line":65,"column":23},"end":{"line":67,"column":3}},"9":{"start":{"line":66,"column":4},"end":{"line":66,"column":35}},"10":{"start":{"line":72,"column":22},"end":{"line":77,"column":3}},"11":{"start":{"line":73,"column":4},"end":{"line":73,"column":20}},"12":{"start":{"line":74,"column":4},"end":{"line":76,"column":5}},"13":{"start":{"line":75,"column":6},"end":{"line":75,"column":31}},"14":{"start":{"line":82,"column":24},"end":{"line":87,"column":3}},"15":{"start":{"line":84,"column":4},"end":{"line":86,"column":5}},"16":{"start":{"line":85,"column":6},"end":{"line":85,"column":22}},"17":{"start":{"line":89,"column":2},"end":{"line":165,"column":4}},"18":{"start":{"line":107,"column":25},"end":{"line":107,"column":43}},"19":{"start":{"line":108,"column":24},"end":{"line":108,"column":43}},"20":{"start":{"line":168,"column":0},"end":{"line":168,"column":25}}},"fnMap":{"0":{"name":"(anonymous_9)","decl":{"start":{"line":35,"column":44},"end":{"line":35,"column":45}},"loc":{"start":{"line":46,"column":5},"end":{"line":166,"column":1}}},"1":{"name":"(anonymous_10)","decl":{"start":{"line":56,"column":12},"end":{"line":56,"column":15}},"loc":{"start":{"line":56,"column":17},"end":{"line":60,"column":3}}},"2":{"name":"(anonymous_11)","decl":{"start":{"line":65,"column":23},"end":{"line":65,"column":24}},"loc":{"start":{"line":65,"column":66},"end":{"line":67,"column":3}}},"3":{"name":"(anonymous_12)","decl":{"start":{"line":72,"column":22},"end":{"line":72,"column":25}},"loc":{"start":{"line":72,"column":27},"end":{"line":77,"column":3}}},"4":{"name":"(anonymous_13)","decl":{"start":{"line":82,"column":24},"end":{"line":82,"column":25}},"loc":{"start":{"line":82,"column":69},"end":{"line":87,"column":3}}},"5":{"name":"(anonymous_14)","decl":{"start":{"line":107,"column":19},"end":{"line":107,"column":22}},"loc":{"start":{"line":107,"column":25},"end":{"line":107,"column":43}}},"6":{"name":"(anonymous_15)","decl":{"start":{"line":108,"column":18},"end":{"line":108,"column":21}},"loc":{"start":{"line":108,"column":24},"end":{"line":108,"column":43}}}},"branchMap":{"0":{"loc":{"start":{"line":43,"column":2},"end":{"line":43,"column":49}},"type":"default-arg","locations":[{"start":{"line":43,"column":16},"end":{"line":43,"column":49}}]},"1":{"loc":{"start":{"line":44,"column":2},"end":{"line":44,"column":16}},"type":"default-arg","locations":[{"start":{"line":44,"column":14},"end":{"line":44,"column":16}}]},"2":{"loc":{"start":{"line":45,"column":2},"end":{"line":45,"column":19}},"type":"default-arg","locations":[{"start":{"line":45,"column":14},"end":{"line":45,"column":19}}]},"3":{"loc":{"start":{"line":57,"column":4},"end":{"line":59,"column":5}},"type":"if","locations":[{"start":{"line":57,"column":4},"end":{"line":59,"column":5}}]},"4":{"loc":{"start":{"line":57,"column":8},"end":{"line":57,"column":37}},"type":"binary-expr","locations":[{"start":{"line":57,"column":8},"end":{"line":57,"column":17}},{"start":{"line":57,"column":21},"end":{"line":57,"column":37}}]},"5":{"loc":{"start":{"line":74,"column":4},"end":{"line":76,"column":5}},"type":"if","locations":[{"start":{"line":74,"column":4},"end":{"line":76,"column":5}}]},"6":{"loc":{"start":{"line":84,"column":4},"end":{"line":86,"column":5}},"type":"if","locations":[{"start":{"line":84,"column":4},"end":{"line":86,"column":5}}]},"7":{"loc":{"start":{"line":94,"column":10},"end":{"line":94,"column":89}},"type":"cond-expr","locations":[{"start":{"line":94,"column":22},"end":{"line":94,"column":69}},{"start":{"line":94,"column":72},"end":{"line":94,"column":89}}]},"8":{"loc":{"start":{"line":95,"column":10},"end":{"line":95,"column":80}},"type":"cond-expr","locations":[{"start":{"line":95,"column":24},"end":{"line":95,"column":50}},{"start":{"line":95,"column":53},"end":{"line":95,"column":80}}]},"9":{"loc":{"start":{"line":98,"column":40},"end":{"line":98,"column":99}},"type":"cond-expr","locations":[{"start":{"line":98,"column":54},"end":{"line":98,"column":78}},{"start":{"line":98,"column":81},"end":{"line":98,"column":99}}]},"10":{"loc":{"start":{"line":114,"column":9},"end":{"line":122,"column":null}},"type":"binary-expr","locations":[{"start":{"line":114,"column":9},"end":{"line":114,"column":19}},{"start":{"line":115,"column":10},"end":{"line":121,"column":null}}]},"11":{"loc":{"start":{"line":127,"column":7},"end":{"line":162,"column":null}},"type":"binary-expr","locations":[{"start":{"line":127,"column":7},"end":{"line":127,"column":18}},{"start":{"line":128,"column":8},"end":{"line":161,"column":null}}]},"12":{"loc":{"start":{"line":130,"column":13},"end":{"line":133,"column":null}},"type":"cond-expr","locations":[{"start":{"line":131,"column":14},"end":{"line":131,"column":56}},{"start":{"line":133,"column":14},"end":{"line":133,"column":98}}]},"13":{"loc":{"start":{"line":133,"column":45},"end":{"line":133,"column":74}},"type":"cond-expr","locations":[{"start":{"line":133,"column":66},"end":{"line":133,"column":69}},{"start":{"line":133,"column":72},"end":{"line":133,"column":74}}]},"14":{"loc":{"start":{"line":137,"column":11},"end":{"line":160,"column":null}},"type":"binary-expr","locations":[{"start":{"line":137,"column":11},"end":{"line":137,"column":27}},{"start":{"line":138,"column":12},"end":{"line":159,"column":null}}]},"15":{"loc":{"start":{"line":139,"column":15},"end":{"line":147,"column":null}},"type":"binary-expr","locations":[{"start":{"line":139,"column":15},"end":{"line":139,"column":33}},{"start":{"line":140,"column":16},"end":{"line":146,"column":null}}]},"16":{"loc":{"start":{"line":145,"column":56},"end":{"line":145,"column":87}},"type":"cond-expr","locations":[{"start":{"line":145,"column":79},"end":{"line":145,"column":82}},{"start":{"line":145,"column":85},"end":{"line":145,"column":87}}]},"17":{"loc":{"start":{"line":150,"column":15},"end":{"line":158,"column":null}},"type":"binary-expr","locations":[{"start":{"line":150,"column":15},"end":{"line":150,"column":34}},{"start":{"line":151,"column":16},"end":{"line":157,"column":null}}]},"18":{"loc":{"start":{"line":156,"column":61},"end":{"line":156,"column":93}},"type":"cond-expr","locations":[{"start":{"line":156,"column":85},"end":{"line":156,"column":88}},{"start":{"line":156,"column":91},"end":{"line":156,"column":93}}]}},"s":{"0":1,"1":1,"2":1,"3":22,"4":22,"5":22,"6":17,"7":1,"8":22,"9":5,"10":22,"11":1,"12":1,"13":1,"14":22,"15":6,"16":1,"17":22,"18":5,"19":0,"20":1},"f":{"0":22,"1":17,"2":5,"3":1,"4":6,"5":5,"6":0},"b":{"0":[21],"1":[21],"2":[19],"3":[1],"4":[17,1],"5":[1],"6":[1],"7":[5,17],"8":[4,18],"9":[4,18],"10":[22,8],"11":[22,4],"12":[2,2],"13":[1,1],"14":[4,2],"15":[2,2],"16":[1,1],"17":[2,1],"18":[1,0]}}
[...]
,"/Users/arthurturnbull/Developer/tx-hs-fed-grantee/src/utils/envValidator.ts": {"path":"/Users/arthurturnbull/Developer/tx-hs-fed-grantee/src/utils/envValidator.ts","statementMap":{"0":{"start":{"line":11,"column":0},"end":{"line":11,"column":16}},"1":{"start":{"line":35,"column":0},"end":{"line":35,"column":16}},"2":{"start":{"line":54,"column":0},"end":{"line":54,"column":16}},"3":{"start":{"line":65,"column":0},"end":{"line":65,"column":16}},"4":{"start":{"line":72,"column":0},"end":{"line":72,"column":16}},"5":{"start":{"line":13,"column":2},"end":{"line":15,"column":3}},"6":{"start":{"line":14,"column":4},"end":{"line":14,"column":28}},"7":{"start":{"line":18,"column":2},"end":{"line":26,"column":3}},"8":{"start":{"line":20,"column":23},"end":{"line":20,"column":115}},"9":{"start":{"line":21,"column":4},"end":{"line":23,"column":5}},"10":{"start":{"line":22,"column":6},"end":{"line":22,"column":44}},"11":{"start":{"line":29,"column":2},"end":{"line":29,"column":19}},"12":{"start":{"line":36,"column":23},"end":{"line":36,"column":51}},"13":{"start":{"line":37,"column":32},"end":{"line":37,"column":34}},"14":{"start":{"line":39,"column":2},"end":{"line":44,"column":3}},"15":{"start":{"line":40,"column":18},"end":{"line":40,"column":36}},"16":{"start":{"line":41,"column":4},"end":{"line":43,"column":5}},"17":{"start":{"line":42,"column":6},"end":{"line":42,"column":32}},"18":{"start":{"line":46,"column":2},"end":{"line":48,"column":3}},"19":{"start":{"line":47,"column":4},"end":{"line":47,"column":89}},"20":{"start":{"line":55,"column":17},"end":{"line":55,"column":54}},"21":{"start":{"line":56,"column":2},"end":{"line":58,"column":3}},"22":{"start":{"line":57,"column":4},"end":{"line":57,"column":112}},"23":{"start":{"line":59,"column":2},"end":{"line":59,"column":16}},"24":{"start":{"line":66,"column":2},"end":{"line":66,"column":46}},"25":{"start":{"line":73,"column":2},"end":{"line":73,"column":44}}},"fnMap":{"0":{"name":"getEnvVar","decl":{"start":{"line":11,"column":16},"end":{"line":11,"column":25}},"loc":{"start":{"line":11,"column":37},"end":{"line":30,"column":1}}},"1":{"name":"validateRequiredEnvVars","decl":{"start":{"line":35,"column":16},"end":{"line":35,"column":39}},"loc":{"start":{"line":35,"column":39},"end":{"line":49,"column":1}}},"2":{"name":"getGoogleMapsApiKey","decl":{"start":{"line":54,"column":16},"end":{"line":54,"column":35}},"loc":{"start":{"line":54,"column":35},"end":{"line":60,"column":1}}},"3":{"name":"getGoogleMapsMapId","decl":{"start":{"line":65,"column":16},"end":{"line":65,"column":34}},"loc":{"start":{"line":65,"column":34},"end":{"line":67,"column":1}}},"4":{"name":"getCongressApiKey","decl":{"start":{"line":72,"column":16},"end":{"line":72,"column":33}},"loc":{"start":{"line":72,"column":33},"end":{"line":74,"column":1}}}},"branchMap":{"0":{"loc":{"start":{"line":13,"column":2},"end":{"line":15,"column":3}},"type":"if","locations":[{"start":{"line":13,"column":2},"end":{"line":15,"column":3}}]},"1":{"loc":{"start":{"line":13,"column":6},"end":{"line":13,"column":121}},"type":"binary-expr","locations":[{"start":{"line":13,"column":6},"end":{"line":13,"column":36}},{"start":{"line":13,"column":40},"end":{"line":13,"column":51}},{"start":{"line":13,"column":56},"end":{"line":13,"column":87}},{"start":{"line":13,"column":91},"end":{"line":13,"column":120}}]},"2":{"loc":{"start":{"line":20,"column":23},"end":{"line":20,"column":115}},"type":"cond-expr","locations":[{"start":{"line":20,"column":59},"end":{"line":20,"column":69}},{"start":{"line":20,"column":72},"end":{"line":20,"column":115}}]},"3":{"loc":{"start":{"line":20,"column":72},"end":{"line":20,"column":115}},"type":"cond-expr","locations":[{"start":{"line":20,"column":104},"end":{"line":20,"column":110}},{"start":{"line":20,"column":113},"end":{"line":20,"column":115}}]},"4":{"loc":{"start":{"line":21,"column":4},"end":{"line":23,"column":5}},"type":"if","locations":[{"start":{"line":21,"column":4},"end":{"line":23,"column":5}}]},"5":{"loc":{"start":{"line":21,"column":8},"end":{"line":21,"column":78}},"type":"binary-expr","locations":[{"start":{"line":21,"column":8},"end":{"line":21,"column":24}},{"start":{"line":21,"column":28},"end":{"line":21,"column":49}},{"start":{"line":21,"column":53},"end":{"line":21,"column":78}}]},"6":{"loc":{"start":{"line":41,"column":4},"end":{"line":43,"column":5}},"type":"if","locations":[{"start":{"line":41,"column":4},"end":{"line":43,"column":5}}]},"7":{"loc":{"start":{"line":46,"column":2},"end":{"line":48,"column":3}},"type":"if","locations":[{"start":{"line":46,"column":2},"end":{"line":48,"column":3}}]},"8":{"loc":{"start":{"line":56,"column":2},"end":{"line":58,"column":3}},"type":"if","locations":[{"start":{"line":56,"column":2},"end":{"line":58,"column":3}}]}},"s":{"0":2,"1":2,"2":2,"3":2,"4":2,"5":5,"6":5,"7":0,"8":0,"9":0,"10":0,"11":0,"12":0,"13":0,"14":0,"15":0,"16":0,"17":0,"18":0,"19":0,"20":0,"21":0,"22":0,"23":0,"24":0,"25":5},"f":{"0":5,"1":0,"2":0,"3":0,"4":5},"b":{"0":[5],"1":[5,5,5,0],"2":[0,0],"3":[0,0],"4":[0],"5":[0,0,0],"6":[0],"7":[0],"8":[0]}}
,"/Users/arthurturnbull/Developer/tx-hs-fed-grantee/src/utils/mapHelpers.ts": {"path":"/Users/arthurturnbull/Developer/tx-hs-fed-grantee/src/utils/mapHelpers.ts","statementMap":{"0":{"start":{"line":12,"column":34},"end":{"line":47,"column":1}},"1":{"start":{"line":17,"column":2},"end":{"line":24,"column":3}},"2":{"start":{"line":18,"column":4},"end":{"line":23,"column":6}},"3":{"start":{"line":27,"column":14},"end":{"line":27,"column":30}},"4":{"start":{"line":28,"column":14},"end":{"line":28,"column":30}},"5":{"start":{"line":29,"column":13},"end":{"line":29,"column":29}},"6":{"start":{"line":30,"column":13},"end":{"line":30,"column":29}},"7":{"start":{"line":33,"column":2},"end":{"line":38,"column":5}},"8":{"start":{"line":34,"column":4},"end":{"line":34,"column":42}},"9":{"start":{"line":35,"column":4},"end":{"line":35,"column":42}},"10":{"start":{"line":36,"column":4},"end":{"line":36,"column":40}},"11":{"start":{"line":37,"column":4},"end":{"line":37,"column":40}},"12":{"start":{"line":41,"column":2},"end":{"line":46,"column":4}},"13":{"start":{"line":12,"column":13},"end":{"line":12,"column":34}},"14":{"start":{"line":54,"column":34},"end":{"line":75,"column":1}},"15":{"start":{"line":58,"column":2},"end":{"line":60,"column":3}},"16":{"start":{"line":59,"column":4},"end":{"line":59,"column":43}},"17":{"start":{"line":63,"column":2},"end":{"line":65,"column":3}},"18":{"start":{"line":64,"column":4},"end":{"line":64,"column":60}},"19":{"start":{"line":68,"column":17},"end":{"line":68,"column":75}},"20":{"start":{"line":68,"column":53},"end":{"line":68,"column":71}},"21":{"start":{"line":69,"column":17},"end":{"line":69,"column":75}},"22":{"start":{"line":69,"column":53},"end":{"line":69,"column":71}},"23":{"start":{"line":71,"column":2},"end":{"line":74,"column":4}},"24":{"start":{"line":54,"column":13},"end":{"line":54,"column":34}},"25":{"start":{"line":84,"column":31},"end":{"line":95,"column":1}},"26":{"start":{"line":89,"column":2},"end":{"line":94,"column":4}},"27":{"start":{"line":84,"column":13},"end":{"line":84,"column":31}},"28":{"start":{"line":104,"column":36},"end":{"line":126,"column":1}},"29":{"start":{"line":114,"column":19},"end":{"line":114,"column":33}},"30":{"start":{"line":118,"column":19},"end":{"line":118,"column":69}},"31":{"start":{"line":120,"column":2},"end":{"line":125,"column":4}},"32":{"start":{"line":104,"column":13},"end":{"line":104,"column":36}},"33":{"start":{"line":136,"column":33},"end":{"line":163,"column":1}},"34":{"start":{"line":143,"column":2},"end":{"line":145,"column":3}},"35":{"start":{"line":144,"column":4},"end":{"line":144,"column":13}},"36":{"start":{"line":148,"column":22},"end":{"line":148,"column":26}},"37":{"start":{"line":151,"column":15},"end":{"line":151,"column":44}},"38":{"start":{"line":152,"column":15},"end":{"line":152,"column":44}},"39":{"start":{"line":156,"column":4},"end":{"line":158,"column":43}},"40":{"start":{"line":160,"column":12},"end":{"line":160,"column":58}},"41":{"start":{"line":162,"column":2},"end":{"line":162,"column":25}},"42":{"start":{"line":136,"column":13},"end":{"line":136,"column":33}},"43":{"start":{"line":170,"column":32},"end":{"line":172,"column":1}},"44":{"start":{"line":171,"column":2},"end":{"line":171,"column":35}},"45":{"start":{"line":170,"column":13},"end":{"line":170,"column":32}},"46":{"start":{"line":181,"column":37},"end":{"line":199,"column":1}},"47":{"start":{"line":187,"column":19},"end":{"line":187,"column":46}},"48":{"start":{"line":188,"column":19},"end":{"line":188,"column":44}},"49":{"start":{"line":191,"column":19},"end":{"line":191,"column":47}},"50":{"start":{"line":195,"column":15},"end":{"line":195,"column":45}},"51":{"start":{"line":198,"column":2},"end":{"line":198,"column":64}},"52":{"start":{"line":181,"column":13},"end":{"line":181,"column":37}},"53":{"start":{"line":206,"column":38},"end":{"line":214,"column":1}},"54":{"start":{"line":207,"column":2},"end":{"line":213,"column":3}},"55":{"start":{"line":208,"column":4},"end":{"line":208,"column":21}},"56":{"start":{"line":209,"column":9},"end":{"line":213,"column":3}},"57":{"start":{"line":210,"column":4},"end":{"line":210,"column":21}},"58":{"start":{"line":212,"column":4},"end":{"line":212,"column":20}},"59":{"start":{"line":206,"column":13},"end":{"line":206,"column":38}},"60":{"start":{"line":223,"column":32},"end":{"line":240,"column":1}},"61":{"start":{"line":228,"column":19},"end":{"line":228,"column":34}},"62":{"start":{"line":229,"column":25},"end":{"line":229,"column":56}},"63":{"start":{"line":231,"column":2},"end":{"line":233,"column":3}},"64":{"start":{"line":232,"column":4},"end":{"line":232,"column":32}},"65":{"start":{"line":235,"column":2},"end":{"line":239,"column":3}},"66":{"start":{"line":236,"column":4},"end":{"line":236,"column":57}},"67":{"start":{"line":238,"column":4},"end":{"line":238,"column":57}},"68":{"start":{"line":223,"column":13},"end":{"line":223,"column":32}},"69":{"start":{"line":247,"column":37},"end":{"line":265,"column":1}},"70":{"start":{"line":251,"column":16},"end":{"line":251,"column":51}},"71":{"start":{"line":253,"column":2},"end":{"line":255,"column":3}},"72":{"start":{"line":254,"column":4},"end":{"line":254,"column":16}},"73":{"start":{"line":257,"column":14},"end":{"line":257,"column":34}},"74":{"start":{"line":258,"column":14},"end":{"line":258,"column":34}},"75":{"start":{"line":260,"column":2},"end":{"line":262,"column":3}},"76":{"start":{"line":261,"column":4},"end":{"line":261,"column":16}},"77":{"start":{"line":264,"column":2},"end":{"line":264,"column":22}},"78":{"start":{"line":247,"column":13},"end":{"line":247,"column":37}},"79":{"start":{"line":272,"column":30},"end":{"line":279,"column":1}},"80":{"start":{"line":273,"column":2},"end":{"line":278,"column":20}},"81":{"start":{"line":272,"column":13},"end":{"line":272,"column":30}},"82":{"start":{"line":286,"column":28},"end":{"line":297,"column":1}},"83":{"start":{"line":287,"column":2},"end":{"line":289,"column":3}},"84":{"start":{"line":288,"column":4},"end":{"line":288,"column":47}},"85":{"start":{"line":290,"column":2},"end":{"line":292,"column":3}},"86":{"start":{"line":291,"column":4},"end":{"line":291,"column":44}},"87":{"start":{"line":293,"column":2},"end":{"line":295,"column":3}},"88":{"start":{"line":294,"column":4},"end":{"line":294,"column":41}},"89":{"start":{"line":296,"column":2},"end":{"line":296,"column":24}},"90":{"start":{"line":286,"column":13},"end":{"line":286,"column":28}}},"fnMap":{"0":{"name":"(anonymous_0)","decl":{"start":{"line":12,"column":34},"end":{"line":12,"column":null}},"loc":{"start":{"line":15,"column":66},"end":{"line":47,"column":1}}},"1":{"name":"(anonymous_1)","decl":{"start":{"line":33,"column":20},"end":{"line":33,"column":28}},"loc":{"start":{"line":33,"column":31},"end":{"line":38,"column":3}}},"2":{"name":"(anonymous_2)","decl":{"start":{"line":54,"column":34},"end":{"line":54,"column":null}},"loc":{"start":{"line":56,"column":34},"end":{"line":75,"column":1}}},"3":{"name":"(anonymous_3)","decl":{"start":{"line":68,"column":34},"end":{"line":68,"column":35}},"loc":{"start":{"line":68,"column":53},"end":{"line":68,"column":71}}},"4":{"name":"(anonymous_4)","decl":{"start":{"line":69,"column":34},"end":{"line":69,"column":35}},"loc":{"start":{"line":69,"column":53},"end":{"line":69,"column":71}}},"5":{"name":"(anonymous_5)","decl":{"start":{"line":84,"column":31},"end":{"line":84,"column":null}},"loc":{"start":{"line":88,"column":13},"end":{"line":95,"column":1}}},"6":{"name":"(anonymous_6)","decl":{"start":{"line":104,"column":36},"end":{"line":104,"column":null}},"loc":{"start":{"line":108,"column":66},"end":{"line":126,"column":1}}},"7":{"name":"(anonymous_7)","decl":{"start":{"line":136,"column":33},"end":{"line":136,"column":null}},"loc":{"start":{"line":141,"column":12},"end":{"line":163,"column":1}}},"8":{"name":"(anonymous_8)","decl":{"start":{"line":170,"column":32},"end":{"line":170,"column":33}},"loc":{"start":{"line":170,"column":60},"end":{"line":172,"column":1}}},"9":{"name":"(anonymous_9)","decl":{"start":{"line":181,"column":37},"end":{"line":181,"column":null}},"loc":{"start":{"line":185,"column":12},"end":{"line":199,"column":1}}},"10":{"name":"(anonymous_10)","decl":{"start":{"line":206,"column":38},"end":{"line":206,"column":39}},"loc":{"start":{"line":206,"column":94},"end":{"line":214,"column":1}}},"11":{"name":"(anonymous_11)","decl":{"start":{"line":223,"column":32},"end":{"line":223,"column":null}},"loc":{"start":{"line":227,"column":12},"end":{"line":240,"column":1}}},"12":{"name":"(anonymous_12)","decl":{"start":{"line":247,"column":37},"end":{"line":247,"column":null}},"loc":{"start":{"line":249,"column":41},"end":{"line":265,"column":1}}},"13":{"name":"(anonymous_13)","decl":{"start":{"line":272,"column":30},"end":{"line":272,"column":31}},"loc":{"start":{"line":272,"column":57},"end":{"line":279,"column":1}}},"14":{"name":"(anonymous_14)","decl":{"start":{"line":286,"column":28},"end":{"line":286,"column":29}},"loc":{"start":{"line":286,"column":52},"end":{"line":297,"column":1}}}},"branchMap":{"0":{"loc":{"start":{"line":14,"column":2},"end":{"line":14,"column":21}},"type":"default-arg","locations":[{"start":{"line":14,"column":20},"end":{"line":14,"column":21}}]},"1":{"loc":{"start":{"line":17,"column":2},"end":{"line":24,"column":3}},"type":"if","locations":[{"start":{"line":17,"column":2},"end":{"line":24,"column":3}}]},"2":{"loc":{"start":{"line":58,"column":2},"end":{"line":60,"column":3}},"type":"if","locations":[{"start":{"line":58,"column":2},"end":{"line":60,"column":3}}]},"3":{"loc":{"start":{"line":63,"column":2},"end":{"line":65,"column":3}},"type":"if","locations":[{"start":{"line":63,"column":2},"end":{"line":65,"column":3}}]},"4":{"loc":{"start":{"line":90,"column":4},"end":{"line":93,"column":22}},"type":"binary-expr","locations":[{"start":{"line":90,"column":4},"end":{"line":90,"column":23}},{"start":{"line":91,"column":4},"end":{"line":91,"column":23}},{"start":{"line":92,"column":4},"end":{"line":92,"column":22}},{"start":{"line":93,"column":4},"end":{"line":93,"column":22}}]},"5":{"loc":{"start":{"line":143,"column":2},"end":{"line":145,"column":3}},"type":"if","locations":[{"start":{"line":143,"column":2},"end":{"line":145,"column":3}}]},"6":{"loc":{"start":{"line":143,"column":6},"end":{"line":143,"column":36}},"type":"binary-expr","locations":[{"start":{"line":143,"column":6},"end":{"line":143,"column":19}},{"start":{"line":143,"column":23},"end":{"line":143,"column":36}}]},"7":{"loc":{"start":{"line":183,"column":2},"end":{"line":183,"column":21}},"type":"default-arg","locations":[{"start":{"line":183,"column":20},"end":{"line":183,"column":21}}]},"8":{"loc":{"start":{"line":184,"column":2},"end":{"line":184,"column":22}},"type":"default-arg","locations":[{"start":{"line":184,"column":20},"end":{"line":184,"column":22}}]},"9":{"loc":{"start":{"line":207,"column":2},"end":{"line":213,"column":3}},"type":"if","locations":[{"start":{"line":207,"column":2},"end":{"line":213,"column":3}},{"start":{"line":209,"column":9},"end":{"line":213,"column":3}}]},"10":{"loc":{"start":{"line":209,"column":9},"end":{"line":213,"column":3}},"type":"if","locations":[{"start":{"line":209,"column":9},"end":{"line":213,"column":3}},{"start":{"line":211,"column":9},"end":{"line":213,"column":3}}]},"11":{"loc":{"start":{"line":226,"column":2},"end":{"line":226,"column":27}},"type":"default-arg","locations":[{"start":{"line":226,"column":26},"end":{"line":226,"column":27}}]},"12":{"loc":{"start":{"line":231,"column":2},"end":{"line":233,"column":3}},"type":"if","locations":[{"start":{"line":231,"column":2},"end":{"line":233,"column":3}}]},"13":{"loc":{"start":{"line":235,"column":2},"end":{"line":239,"column":3}},"type":"if","locations":[{"start":{"line":235,"column":2},"end":{"line":239,"column":3}},{"start":{"line":237,"column":9},"end":{"line":239,"column":3}}]},"14":{"loc":{"start":{"line":236,"column":33},"end":{"line":236,"column":54}},"type":"cond-expr","locations":[{"start":{"line":236,"column":45},"end":{"line":236,"column":48}},{"start":{"line":236,"column":51},"end":{"line":236,"column":54}}]},"15":{"loc":{"start":{"line":238,"column":33},"end":{"line":238,"column":54}},"type":"cond-expr","locations":[{"start":{"line":238,"column":45},"end":{"line":238,"column":48}},{"start":{"line":238,"column":51},"end":{"line":238,"column":54}}]},"16":{"loc":{"start":{"line":253,"column":2},"end":{"line":255,"column":3}},"type":"if","locations":[{"start":{"line":253,"column":2},"end":{"line":255,"column":3}}]},"17":{"loc":{"start":{"line":260,"column":2},"end":{"line":262,"column":3}},"type":"if","locations":[{"start":{"line":260,"column":2},"end":{"line":262,"column":3}}]},"18":{"loc":{"start":{"line":260,"column":6},"end":{"line":260,"column":30}},"type":"binary-expr","locations":[{"start":{"line":260,"column":6},"end":{"line":260,"column":16}},{"start":{"line":260,"column":20},"end":{"line":260,"column":30}}]},"19":{"loc":{"start":{"line":287,"column":2},"end":{"line":289,"column":3}},"type":"if","locations":[{"start":{"line":287,"column":2},"end":{"line":289,"column":3}}]},"20":{"loc":{"start":{"line":290,"column":2},"end":{"line":292,"column":3}},"type":"if","locations":[{"start":{"line":290,"column":2},"end":{"line":292,"column":3}}]},"21":{"loc":{"start":{"line":293,"column":2},"end":{"line":295,"column":3}},"type":"if","locations":[{"start":{"line":293,"column":2},"end":{"line":295,"column":3}}]}},"s":{"0":0,"1":0,"2":0,"3":0,"4":0,"5":0,"6":0,"7":0,"8":0,"9":0,"10":0,"11":0,"12":0,"13":0,"14":0,"15":0,"16":0,"17":0,"18":0,"19":0,"20":0,"21":0,"22":0,"23":0,"24":0,"25":0,"26":0,"27":0,"28":0,"29":0,"30":0,"31":0,"32":0,"33":0,"34":0,"35":0,"36":0,"37":0,"38":0,"39":0,"40":0,"41":0,"42":0,"43":0,"44":0,"45":0,"46":0,"47":0,"48":0,"49":0,"50":0,"51":0,"52":0,"53":0,"54":0,"55":0,"56":0,"57":0,"58":0,"59":0,"60":0,"61":0,"62":0,"63":0,"64":0,"65":0,"66":0,"67":0,"68":0,"69":0,"70":0,"71":0,"72":0,"73":0,"74":0,"75":0,"76":0,"77":0,"78":0,"79":0,"80":0,"81":0,"82":0,"83":0,"84":0,"85":0,"86":0,"87":0,"88":0,"89":0,"90":0},"f":{"0":0,"1":0,"2":0,"3":0,"4":0,"5":0,"6":0,"7":0,"8":0,"9":0,"10":0,"11":0,"12":0,"13":0,"14":0},"b":{"0":[0],"1":[0],"2":[0],"3":[0],"4":[0,0,0,0],"5":[0],"6":[0,0],"7":[0],"8":[0],"9":[0,0],"10":[0,0],"11":[0],"12":[0],"13":[0,0],"14":[0,0],"15":[0,0],"16":[0],"17":[0],"18":[0,0],"19":[0],"20":[0],"21":[0]}}
}
