TN:
SF:src/App-test.tsx
FN:7,(anonymous_1)
FNF:1
FNH:0
FNDA:0,(anonymous_1)
DA:1,0
DA:2,0
DA:7,0
DA:8,0
DA:126,0
LF:5
LH:0
BRF:0
BRH:0
end_of_record
TN:
SF:src/App.tsx
FN:13,(anonymous_10)
FN:32,(anonymous_11)
FN:49,(anonymous_12)
FN:89,(anonymous_13)
FN:96,(anonymous_14)
FN:102,(anonymous_15)
FN:128,(anonymous_16)
FN:156,(anonymous_17)
FN:163,(anonymous_18)
FN:176,(anonymous_19)
FNF:10
FNH:0
FNDA:0,(anonymous_10)
FNDA:0,(anonymous_11)
FNDA:0,(anonymous_12)
FNDA:0,(anonymous_13)
FNDA:0,(anonymous_14)
FNDA:0,(anonymous_15)
FNDA:0,(anonymous_16)
FNDA:0,(anonymous_17)
FNDA:0,(anonymous_18)
FNDA:0,(anonymous_19)
DA:1,0
DA:2,0
DA:3,0
DA:4,0
DA:5,0
DA:6,0
DA:7,0
DA:13,0
DA:15,0
DA:16,0
DA:19,0
DA:20,0
DA:21,0
DA:22,0
DA:25,0
DA:32,0
DA:33,0
DA:49,0
DA:51,0
DA:52,0
DA:62,0
DA:63,0
DA:64,0
DA:65,0
DA:68,0
DA:69,0
DA:70,0
DA:71,0
DA:74,0
DA:75,0
DA:76,0
DA:77,0
DA:81,0
DA:89,0
DA:90,0
DA:91,0
DA:92,0
DA:96,0
DA:98,0
DA:99,0
DA:100,0
DA:102,0
DA:103,0
DA:104,0
DA:105,0
DA:106,0
DA:107,0
DA:108,0
DA:110,0
DA:113,0
DA:114,0
DA:115,0
DA:116,0
DA:121,0
DA:128,0
DA:129,0
DA:132,0
DA:134,0
DA:135,0
DA:136,0
DA:137,0
DA:138,0
DA:139,0
DA:140,0
DA:142,0
DA:145,0
DA:148,0
DA:149,0
DA:150,0
DA:156,0
DA:157,0
DA:158,0
DA:159,0
DA:160,0
DA:163,0
DA:164,0
DA:171,0
DA:176,0
DA:178,0
DA:179,0
DA:188,0
DA:189,0
DA:199,0
DA:200,0
DA:201,0
DA:202,0
DA:203,0
DA:205,0
DA:207,0
DA:217,0
DA:218,0
DA:244,0
DA:252,0
DA:344,0
LF:94
LH:0
BRDA:16,0,0,0
BRDA:16,0,1,0
BRDA:34,1,0,0
BRDA:34,1,1,0
BRDA:34,1,2,0
BRDA:34,1,3,0
BRDA:34,1,4,0
BRDA:34,1,5,0
BRDA:34,1,6,0
BRDA:34,1,7,0
BRDA:51,2,0,0
BRDA:54,3,0,0
BRDA:54,3,1,0
BRDA:55,4,0,0
BRDA:55,4,1,0
BRDA:62,5,0,0
BRDA:68,6,0,0
BRDA:74,7,0,0
BRDA:103,8,0,0
BRDA:103,8,1,0
BRDA:106,9,0,0
BRDA:106,9,1,0
BRDA:134,10,0,0
BRDA:134,10,1,0
BRDA:135,11,0,0
BRDA:135,11,1,0
BRDA:137,12,0,0
BRDA:137,12,1,0
BRDA:139,13,0,0
BRDA:139,13,1,0
BRDA:171,14,0,0
BRDA:171,14,1,0
BRDA:171,14,2,0
BRDA:178,15,0,0
BRDA:188,16,0,0
BRDA:199,17,0,0
BRDA:201,18,0,0
BRDA:202,19,0,0
BRDA:203,20,0,0
BRDA:205,21,0,0
BRDA:205,21,1,0
BRDA:217,22,0,0
BRDA:227,23,0,0
BRDA:227,23,1,0
BRDA:227,24,0,0
BRDA:227,24,1,0
BRDA:232,25,0,0
BRDA:232,25,1,0
BRF:48
BRH:0
end_of_record
TN:
SF:src/debug-env.tsx
FN:3,(anonymous_9)
FN:7,(anonymous_10)
FN:23,(anonymous_11)
FN:47,(anonymous_12)
FN:63,(anonymous_13)
FN:78,(anonymous_14)
FN:84,(anonymous_15)
FNF:7
FNH:0
FNDA:0,(anonymous_9)
FNDA:0,(anonymous_10)
FNDA:0,(anonymous_11)
FNDA:0,(anonymous_12)
FNDA:0,(anonymous_13)
FNDA:0,(anonymous_14)
FNDA:0,(anonymous_15)
DA:1,0
DA:3,0
DA:4,0
DA:5,0
DA:7,0
DA:8,0
DA:11,0
DA:12,0
DA:13,0
DA:15,0
DA:16,0
DA:17,0
DA:18,0
DA:20,0
DA:23,0
DA:24,0
DA:25,0
DA:28,0
DA:29,0
DA:30,0
DA:32,0
DA:35,0
DA:36,0
DA:38,0
DA:41,0
DA:42,0
DA:44,0
DA:47,0
DA:49,0
DA:50,0
DA:54,0
DA:57,0
DA:64,0
DA:78,0
DA:85,0
DA:86,0
DA:87,0
DA:109,0
LF:38
LH:0
BRDA:16,0,0,0
BRDA:16,0,1,0
BRDA:16,1,0,0
BRDA:16,1,1,0
BRDA:17,2,0,0
BRDA:17,2,1,0
BRDA:17,3,0,0
BRDA:17,3,1,0
BRDA:18,4,0,0
BRDA:18,4,1,0
BRDA:18,5,0,0
BRDA:18,5,1,0
BRDA:24,6,0,0
BRDA:24,6,1,0
BRDA:24,7,0,0
BRDA:24,7,1,0
BRDA:29,8,0,0
BRDA:29,8,1,0
BRDA:35,9,0,0
BRDA:35,9,1,0
BRDA:41,10,0,0
BRDA:41,10,1,0
BRF:22
BRH:0
end_of_record
TN:
SF:src/api/congress.ts
FN:4,(anonymous_0)
FN:14,getBill
FN:24,clearCache
FN:25,(anonymous_3)
FNF:4
FNH:4
FNDA:7,(anonymous_0)
FNDA:7,getBill
FNDA:7,clearCache
FNDA:4,(anonymous_3)
DA:1,1
DA:4,1
DA:6,7
DA:7,7
DA:11,0
DA:14,1
DA:15,7
DA:16,7
DA:17,7
DA:18,5
DA:19,4
DA:20,4
DA:24,1
DA:25,7
LF:14
LH:13
BRDA:6,0,0,7
BRDA:6,1,0,7
BRDA:6,1,1,7
BRDA:15,2,0,0
BRF:4
BRH:3
end_of_record
TN:
SF:src/components/AccessibilityChecker.tsx
FN:29,(anonymous_9)
FN:42,(anonymous_10)
FN:48,(anonymous_11)
FN:54,(anonymous_12)
FN:67,(anonymous_13)
FN:80,(anonymous_14)
FN:92,(anonymous_15)
FN:103,(anonymous_16)
FN:127,(anonymous_17)
FN:133,(anonymous_18)
FN:137,(anonymous_19)
FN:152,(anonymous_20)
FN:180,(anonymous_21)
FN:225,(anonymous_22)
FNF:14
FNH:0
FNDA:0,(anonymous_9)
FNDA:0,(anonymous_10)
FNDA:0,(anonymous_11)
FNDA:0,(anonymous_12)
FNDA:0,(anonymous_13)
FNDA:0,(anonymous_14)
FNDA:0,(anonymous_15)
FNDA:0,(anonymous_16)
FNDA:0,(anonymous_17)
FNDA:0,(anonymous_18)
FNDA:0,(anonymous_19)
FNDA:0,(anonymous_20)
FNDA:0,(anonymous_21)
FNDA:0,(anonymous_22)
DA:1,0
DA:2,0
DA:29,0
DA:34,0
DA:35,0
DA:36,0
DA:37,0
DA:42,0
DA:43,0
DA:44,0
DA:46,0
DA:48,0
DA:51,0
DA:54,0
DA:55,0
DA:56,0
DA:67,0
DA:68,0
DA:69,0
DA:80,0
DA:81,0
DA:82,0
DA:83,0
DA:86,0
DA:92,0
DA:93,0
DA:103,0
DA:104,0
DA:105,0
DA:116,0
DA:118,0
DA:120,0
DA:127,0
DA:128,0
DA:129,0
DA:133,0
DA:134,0
DA:137,0
DA:138,0
DA:143,0
DA:144,0
DA:147,0
DA:152,0
DA:180,0
DA:226,0
DA:302,0
LF:46
LH:0
BRDA:30,0,0,0
BRDA:31,1,0,0
BRDA:55,2,0,0
BRDA:68,3,0,0
BRDA:68,4,0,0
BRDA:68,4,1,0
BRDA:71,5,0,0
BRDA:71,5,1,0
BRDA:87,6,0,0
BRDA:87,6,1,0
BRDA:87,6,2,0
BRDA:87,6,3,0
BRDA:95,7,0,0
BRDA:95,7,1,0
BRDA:104,8,0,0
BRDA:104,9,0,0
BRDA:104,9,1,0
BRDA:107,10,0,0
BRDA:107,10,1,0
BRDA:128,11,0,0
BRDA:143,12,0,0
BRDA:143,13,0,0
BRDA:143,13,1,0
BRDA:150,14,0,0
BRDA:150,14,1,0
BRDA:160,15,0,0
BRDA:160,15,1,0
BRDA:169,16,0,0
BRDA:169,16,1,0
BRDA:196,17,0,0
BRDA:196,17,1,0
BRDA:199,18,0,0
BRDA:199,18,1,0
BRDA:203,19,0,0
BRDA:203,19,1,0
BRDA:207,20,0,0
BRDA:207,20,1,0
BRDA:210,21,0,0
BRDA:210,21,1,0
BRDA:212,22,0,0
BRDA:212,22,1,0
BRDA:216,23,0,0
BRDA:216,23,1,0
BRDA:218,24,0,0
BRDA:218,24,1,0
BRDA:231,25,0,0
BRDA:231,25,1,0
BRDA:233,26,0,0
BRDA:233,26,1,0
BRDA:239,27,0,0
BRDA:239,27,1,0
BRDA:241,28,0,0
BRDA:241,28,1,0
BRDA:256,29,0,0
BRDA:256,29,1,0
BRDA:273,30,0,0
BRDA:273,30,1,0
BRF:57
BRH:0
end_of_record
TN:
SF:src/components/CongressDataDebug.tsx
FN:7,(anonymous_9)
FN:11,(anonymous_10)
FN:14,(anonymous_11)
FN:15,(anonymous_12)
FN:16,(anonymous_13)
FN:27,(anonymous_14)
FN:37,(anonymous_15)
FN:48,(anonymous_16)
FN:59,(anonymous_17)
FN:70,(anonymous_18)
FNF:10
FNH:0
FNDA:0,(anonymous_9)
FNDA:0,(anonymous_10)
FNDA:0,(anonymous_11)
FNDA:0,(anonymous_12)
FNDA:0,(anonymous_13)
FNDA:0,(anonymous_14)
FNDA:0,(anonymous_15)
FNDA:0,(anonymous_16)
FNDA:0,(anonymous_17)
FNDA:0,(anonymous_18)
DA:1,0
DA:7,0
DA:8,0
DA:9,0
DA:11,0
DA:13,0
DA:14,0
DA:15,0
DA:16,0
DA:19,0
DA:21,0
DA:22,0
DA:27,0
DA:37,0
DA:48,0
DA:51,0
DA:59,0
DA:71,0
LF:18
LH:0
BRDA:19,0,0,0
BRDA:19,0,1,0
BRDA:19,1,0,0
BRDA:19,1,1,0
BRDA:21,2,0,0
BRDA:25,3,0,0
BRDA:25,3,1,0
BRDA:48,4,0,0
BRDA:48,4,1,0
BRDA:55,5,0,0
BRDA:55,5,1,0
BRDA:57,6,0,0
BRDA:57,6,1,0
BRDA:57,6,2,0
BRDA:62,7,0,0
BRDA:62,7,1,0
BRDA:67,8,0,0
BRDA:67,8,1,0
BRF:18
BRH:0
end_of_record
TN:
SF:src/components/ErrorDisplay.tsx
FN:19,(anonymous_1)
FNF:1
FNH:1
FNDA:28,(anonymous_1)
DA:1,2
DA:2,2
DA:19,2
DA:28,28
DA:36,28
DA:44,28
DA:49,28
DA:227,2
LF:8
LH:8
BRDA:22,0,0,13
BRDA:28,1,0,28
BRDA:28,1,1,23
BRDA:28,1,2,22
BRDA:28,1,3,22
BRDA:36,2,0,28
BRDA:36,2,1,23
BRDA:36,2,2,23
BRDA:36,2,3,23
BRDA:44,3,0,28
BRDA:44,3,1,21
BRDA:44,3,2,20
BRDA:44,3,3,20
BRDA:54,4,0,8
BRDA:54,4,1,20
BRDA:56,5,0,6
BRDA:56,5,1,14
BRDA:65,6,0,6
BRDA:65,6,1,22
BRDA:66,7,0,8
BRDA:66,7,1,14
BRDA:76,8,0,28
BRDA:76,8,1,2
BRDA:84,9,0,28
BRDA:84,9,1,25
BRDA:96,10,0,28
BRDA:96,10,1,6
BRDA:110,11,0,28
BRDA:110,11,1,8
BRDA:127,12,0,8
BRDA:127,12,1,20
BRDA:133,13,0,6
BRDA:133,13,1,22
BRDA:134,14,0,8
BRDA:134,14,1,14
BRDA:139,15,0,6
BRDA:139,15,1,22
BRDA:159,16,0,8
BRDA:159,16,1,14
BRDA:178,17,0,0
BRDA:178,17,1,14
BRF:41
BRH:40
end_of_record
TN:
SF:src/components/LoadingSpinner.tsx
FN:15,(anonymous_1)
FNF:1
FNH:1
FNDA:12,(anonymous_1)
DA:1,2
DA:2,2
DA:15,2
DA:20,12
DA:26,12
DA:32,12
DA:70,2
LF:7
LH:7
BRDA:16,0,0,8
BRDA:17,1,0,6
BRF:2
BRH:2
end_of_record
TN:
SF:src/components/MapControls.tsx
FN:22,(anonymous_9)
FN:45,(anonymous_10)
FN:70,(anonymous_11)
FN:97,(anonymous_12)
FN:110,(anonymous_13)
FN:149,(anonymous_14)
FN:156,(anonymous_15)
FN:157,(anonymous_16)
FN:193,(anonymous_17)
FN:198,(anonymous_18)
FN:215,(anonymous_19)
FN:250,(anonymous_20)
FNF:12
FNH:6
FNDA:26,(anonymous_9)
FNDA:0,(anonymous_10)
FNDA:0,(anonymous_11)
FNDA:0,(anonymous_12)
FNDA:0,(anonymous_13)
FNDA:14,(anonymous_14)
FNDA:14,(anonymous_15)
FNDA:14,(anonymous_16)
FNDA:0,(anonymous_17)
FNDA:0,(anonymous_18)
FNDA:2,(anonymous_19)
FNDA:1,(anonymous_20)
DA:1,2
DA:2,2
DA:22,2
DA:29,26
DA:30,26
DA:31,26
DA:32,26
DA:33,26
DA:45,26
DA:46,0
DA:49,0
DA:50,0
DA:53,0
DA:55,0
DA:58,0
DA:70,26
DA:71,0
DA:73,0
DA:75,0
DA:76,0
DA:79,0
DA:80,0
DA:82,0
DA:85,0
DA:86,0
DA:88,0
DA:89,0
DA:91,0
DA:97,26
DA:98,0
DA:100,0
DA:101,0
DA:104,0
DA:110,26
DA:111,0
DA:113,0
DA:114,0
DA:115,0
DA:117,0
DA:119,0
DA:120,0
DA:122,0
DA:124,0
DA:125,0
DA:126,0
DA:128,0
DA:129,0
DA:130,0
DA:132,0
DA:133,0
DA:134,0
DA:136,0
DA:137,0
DA:138,0
DA:140,0
DA:143,0
DA:149,26
DA:150,14
DA:156,26
DA:157,14
DA:160,14
DA:164,26
DA:194,0
DA:195,0
DA:196,0
DA:198,0
DA:215,2
DA:250,1
DA:293,2
LF:69
LH:21
BRDA:46,0,0,0
BRDA:46,1,0,0
BRDA:46,1,1,0
BRDA:71,2,0,0
BRDA:71,3,0,0
BRDA:71,3,1,0
BRDA:82,4,0,0
BRDA:98,5,0,0
BRDA:111,6,0,0
BRDA:117,7,0,0
BRDA:122,8,0,0
BRDA:122,8,1,0
BRDA:122,8,2,0
BRDA:122,8,3,0
BRDA:122,8,4,0
BRDA:150,9,0,14
BRDA:150,9,1,8
BRDA:168,10,0,0
BRDA:168,10,1,26
BRDA:173,11,0,0
BRDA:173,11,1,26
BRDA:217,12,0,23
BRDA:217,12,1,3
BRDA:225,13,0,23
BRDA:225,13,1,3
BRDA:233,14,0,23
BRDA:233,14,1,3
BRDA:243,15,0,23
BRDA:243,15,1,3
BRDA:252,16,0,1
BRDA:252,16,1,25
BRDA:260,17,0,1
BRDA:260,17,1,25
BRDA:264,18,0,1
BRDA:264,18,1,25
BRDA:272,19,0,1
BRDA:272,19,1,25
BRDA:282,20,0,1
BRDA:282,20,1,25
BRF:39
BRH:22
end_of_record
TN:
SF:src/components/ResponsiveWrapper.tsx
FN:53,(anonymous_9)
FN:67,(anonymous_10)
FN:70,(anonymous_11)
FN:79,(anonymous_12)
FN:108,(anonymous_13)
FN:115,(anonymous_14)
FNF:6
FNH:6
FNDA:27,(anonymous_9)
FNDA:23,(anonymous_10)
FNDA:1,(anonymous_11)
FNDA:23,(anonymous_12)
FNDA:92,(anonymous_13)
FNDA:3,(anonymous_14)
DA:1,1
DA:2,1
DA:22,1
DA:53,1
DA:58,27
DA:61,27
DA:67,27
DA:68,23
DA:70,23
DA:71,1
DA:77,23
DA:79,23
DA:80,23
DA:85,27
DA:86,4
DA:90,23
DA:93,23
DA:103,23
DA:109,92
DA:110,92
DA:112,92
DA:115,3
DA:147,1
LF:23
LH:23
BRDA:55,0,0,3
BRDA:62,1,0,27
BRDA:62,1,1,0
BRDA:63,2,0,27
BRDA:63,2,1,0
BRDA:68,3,0,0
BRDA:85,4,0,4
BRDA:94,5,0,20
BRDA:94,5,1,3
BRDA:95,6,0,20
BRDA:95,6,1,3
BRDA:96,7,0,20
BRDA:96,7,1,3
BRDA:97,8,0,20
BRDA:97,8,1,3
BRDA:98,9,0,20
BRDA:98,9,1,3
BRDA:100,10,0,20
BRDA:100,10,1,3
BRDA:117,11,0,23
BRDA:117,11,1,69
BRDA:121,12,0,23
BRDA:121,12,1,69
BRDA:133,13,0,20
BRDA:133,13,1,3
BRF:25
BRH:22
end_of_record
TN:
SF:src/components/SearchBar.tsx
FN:35,(anonymous_9)
FN:56,(anonymous_10)
FN:65,(anonymous_11)
FN:72,(anonymous_12)
FN:82,(anonymous_13)
FN:107,(anonymous_14)
FN:108,(anonymous_15)
FNF:7
FNH:6
FNDA:22,(anonymous_9)
FNDA:17,(anonymous_10)
FNDA:5,(anonymous_11)
FNDA:1,(anonymous_12)
FNDA:6,(anonymous_13)
FNDA:5,(anonymous_14)
FNDA:0,(anonymous_15)
DA:1,1
DA:3,1
DA:35,1
DA:48,22
DA:51,22
DA:56,22
DA:57,17
DA:58,1
DA:65,22
DA:66,5
DA:72,22
DA:73,1
DA:74,1
DA:75,1
DA:82,22
DA:84,6
DA:85,1
DA:89,22
DA:107,5
DA:108,0
DA:168,1
LF:21
LH:20
BRDA:43,0,0,21
BRDA:44,1,0,21
BRDA:45,2,0,19
BRDA:57,3,0,1
BRDA:57,4,0,17
BRDA:57,4,1,1
BRDA:74,5,0,1
BRDA:84,6,0,1
BRDA:94,7,0,5
BRDA:94,7,1,17
BRDA:95,8,0,4
BRDA:95,8,1,18
BRDA:98,9,0,4
BRDA:98,9,1,18
BRDA:114,10,0,22
BRDA:114,10,1,8
BRDA:127,11,0,22
BRDA:127,11,1,4
BRDA:130,12,0,2
BRDA:130,12,1,2
BRDA:133,13,0,1
BRDA:133,13,1,1
BRDA:137,14,0,4
BRDA:137,14,1,2
BRDA:139,15,0,2
BRDA:139,15,1,2
BRDA:145,16,0,1
BRDA:145,16,1,1
BRDA:150,17,0,2
BRDA:150,17,1,1
BRDA:156,18,0,1
BRDA:156,18,1,0
BRF:32
BRH:31
end_of_record
TN:
SF:src/components/SearchResults.tsx
FN:30,(anonymous_1)
FN:71,(anonymous_2)
FN:74,(anonymous_3)
FN:109,(anonymous_4)
FN:112,(anonymous_5)
FNF:5
FNH:5
FNDA:17,(anonymous_1)
FNDA:25,(anonymous_2)
FNDA:1,(anonymous_3)
FNDA:8,(anonymous_4)
FNDA:1,(anonymous_5)
DA:1,1
DA:2,1
DA:4,1
DA:30,1
DA:40,17
DA:41,2
DA:45,15
DA:46,15
DA:49,15
DA:50,15
DA:52,15
DA:72,25
DA:74,1
DA:110,8
DA:112,1
DA:141,1
LF:16
LH:16
BRDA:36,0,0,16
BRDA:37,1,0,14
BRDA:40,2,0,2
BRDA:40,3,0,17
BRDA:40,3,1,16
BRDA:40,3,2,6
BRDA:59,4,0,15
BRDA:59,4,1,10
BRDA:87,5,0,10
BRDA:87,5,1,3
BRDA:89,6,0,3
BRDA:89,6,1,0
BRDA:97,7,0,15
BRDA:97,7,1,7
BRDA:129,8,0,7
BRDA:129,8,1,1
BRDA:131,9,0,1
BRDA:131,9,1,0
BRF:18
BRH:16
end_of_record
TN:
SF:src/components/TexasMap.tsx
FN:44,(anonymous_10)
FN:62,(anonymous_11)
FN:84,(anonymous_12)
FN:129,(anonymous_13)
FN:138,(anonymous_14)
FN:149,(anonymous_15)
FN:163,(anonymous_16)
FN:208,(anonymous_17)
FN:225,(anonymous_18)
FN:239,(anonymous_19)
FN:249,(anonymous_20)
FN:264,(anonymous_21)
FN:265,(anonymous_22)
FN:266,(anonymous_23)
FN:275,(anonymous_24)
FN:360,(anonymous_25)
FN:437,(anonymous_26)
FN:556,(anonymous_27)
FN:591,(anonymous_28)
FN:595,(anonymous_29)
FNF:20
FNH:8
FNDA:0,(anonymous_10)
FNDA:0,(anonymous_11)
FNDA:24,(anonymous_12)
FNDA:0,(anonymous_13)
FNDA:0,(anonymous_14)
FNDA:8,(anonymous_15)
FNDA:0,(anonymous_16)
FNDA:0,(anonymous_17)
FNDA:0,(anonymous_18)
FNDA:8,(anonymous_19)
FNDA:16,(anonymous_20)
FNDA:16,(anonymous_21)
FNDA:16,(anonymous_22)
FNDA:0,(anonymous_23)
FNDA:0,(anonymous_24)
FNDA:0,(anonymous_25)
FNDA:0,(anonymous_26)
FNDA:1,(anonymous_27)
FNDA:30,(anonymous_28)
FNDA:0,(anonymous_29)
DA:1,1
DA:2,1
DA:3,1
DA:4,1
DA:6,1
DA:7,1
DA:8,1
DA:9,1
DA:44,1
DA:46,0
DA:56,0
DA:62,1
DA:63,0
DA:65,0
DA:68,0
DA:71,0
DA:74,0
DA:76,0
DA:84,1
DA:90,24
DA:93,24
DA:96,24
DA:97,24
DA:100,24
DA:103,24
DA:106,24
DA:112,24
DA:117,24
DA:129,24
DA:130,0
DA:131,0
DA:132,0
DA:138,24
DA:139,0
DA:140,0
DA:149,24
DA:150,8
DA:157,8
DA:158,8
DA:163,8
DA:164,0
DA:166,8
DA:167,8
DA:170,0
DA:171,0
DA:172,0
DA:175,0
DA:176,0
DA:178,0
DA:180,0
DA:181,0
DA:182,0
DA:185,0
DA:188,0
DA:189,0
DA:194,0
DA:195,0
DA:198,0
DA:199,0
DA:208,0
DA:209,0
DA:210,0
DA:218,0
DA:220,0
DA:225,0
DA:226,0
DA:229,0
DA:230,0
DA:232,0
DA:239,24
DA:240,8
DA:241,8
DA:242,8
DA:249,24
DA:250,16
DA:255,16
DA:256,8
DA:257,8
DA:264,24
DA:265,16
DA:266,16
DA:267,0
DA:275,24
DA:276,0
DA:360,24
DA:361,0
DA:438,0
DA:522,24
DA:523,3
DA:531,21
DA:532,3
DA:533,3
DA:537,3
DA:550,18
DA:556,18
DA:557,1
DA:559,1
DA:560,1
DA:562,0
DA:563,0
DA:567,18
DA:592,30
DA:595,0
DA:651,1
LF:104
LH:57
BRDA:63,0,0,0
BRDA:65,1,0,0
BRDA:65,1,1,0
BRDA:65,1,2,0
BRDA:65,1,3,0
BRDA:65,1,4,0
BRDA:65,1,5,0
BRDA:65,1,6,0
BRDA:85,2,0,24
BRDA:86,3,0,24
BRDA:157,4,0,8
BRDA:157,5,0,8
BRDA:157,5,1,8
BRDA:180,6,0,0
BRDA:209,7,0,0
BRDA:240,8,0,8
BRDA:240,9,0,8
BRDA:240,9,1,8
BRDA:240,9,2,8
BRDA:255,10,0,8
BRDA:255,11,0,16
BRDA:255,11,1,8
BRDA:255,11,2,8
BRDA:316,12,0,0
BRDA:316,12,1,0
BRDA:331,13,0,0
BRDA:331,13,1,0
BRDA:373,14,0,0
BRDA:373,14,1,0
BRDA:377,15,0,0
BRDA:377,15,1,0
BRDA:379,16,0,0
BRDA:379,16,1,0
BRDA:401,17,0,0
BRDA:401,17,1,0
BRDA:428,18,0,0
BRDA:428,18,1,0
BRDA:428,18,2,0
BRDA:440,19,0,0
BRDA:440,19,1,0
BRDA:450,20,0,0
BRDA:450,20,1,0
BRDA:459,21,0,0
BRDA:459,21,1,0
BRDA:465,22,0,0
BRDA:465,22,1,0
BRDA:473,23,0,0
BRDA:473,23,1,0
BRDA:481,24,0,0
BRDA:481,24,1,0
BRDA:499,25,0,0
BRDA:499,25,1,0
BRDA:502,26,0,0
BRDA:502,26,1,0
BRDA:502,26,2,0
BRDA:522,27,0,3
BRDA:531,28,0,3
BRDA:532,29,0,3
BRDA:532,29,1,0
BRDA:532,29,2,0
BRDA:533,30,0,0
BRDA:533,30,1,3
BRDA:533,31,0,3
BRDA:533,31,1,3
BRDA:557,32,0,1
BRDA:557,32,1,0
BRDA:573,33,0,18
BRDA:573,33,1,0
BRDA:591,34,0,18
BRDA:591,34,1,15
BRDA:591,34,2,15
BRDA:630,35,0,18
BRDA:630,35,1,0
BRDA:630,35,2,0
BRDA:638,36,0,0
BRDA:638,36,1,0
BRDA:638,37,0,0
BRDA:638,37,1,0
BRDA:640,38,0,0
BRDA:640,38,1,0
BRDA:640,39,0,0
BRDA:640,39,1,0
BRF:82
BRH:25
end_of_record
TN:
SF:src/data/congressionalDistricts.ts
FN:29,(anonymous_0)
FN:31,(anonymous_1)
FN:50,(anonymous_2)
FN:84,(anonymous_3)
FN:91,(anonymous_4)
FN:104,(anonymous_5)
FN:105,(anonymous_6)
FN:113,(anonymous_7)
FN:114,(anonymous_8)
FN:125,(anonymous_9)
FN:129,(anonymous_10)
FN:138,(anonymous_11)
FN:142,(anonymous_12)
FN:154,(anonymous_13)
FN:161,(anonymous_14)
FN:173,(anonymous_15)
FN:193,(anonymous_16)
FN:221,(anonymous_17)
FN:222,(anonymous_18)
FN:230,(anonymous_19)
FN:232,(anonymous_20)
FN:232,(anonymous_21)
FN:239,(anonymous_22)
FN:248,(anonymous_23)
FN:258,(anonymous_24)
FN:279,(anonymous_25)
FNF:26
FNH:0
FNDA:0,(anonymous_0)
FNDA:0,(anonymous_1)
FNDA:0,(anonymous_2)
FNDA:0,(anonymous_3)
FNDA:0,(anonymous_4)
FNDA:0,(anonymous_5)
FNDA:0,(anonymous_6)
FNDA:0,(anonymous_7)
FNDA:0,(anonymous_8)
FNDA:0,(anonymous_9)
FNDA:0,(anonymous_10)
FNDA:0,(anonymous_11)
FNDA:0,(anonymous_12)
FNDA:0,(anonymous_13)
FNDA:0,(anonymous_14)
FNDA:0,(anonymous_15)
FNDA:0,(anonymous_16)
FNDA:0,(anonymous_17)
FNDA:0,(anonymous_18)
FNDA:0,(anonymous_19)
FNDA:0,(anonymous_20)
FNDA:0,(anonymous_21)
FNDA:0,(anonymous_22)
FNDA:0,(anonymous_23)
FNDA:0,(anonymous_24)
FNDA:0,(anonymous_25)
DA:29,0
DA:30,0
DA:31,0
DA:50,0
DA:52,0
DA:53,0
DA:54,0
DA:58,0
DA:59,0
DA:60,0
DA:64,0
DA:65,0
DA:66,0
DA:70,0
DA:71,0
DA:72,0
DA:75,0
DA:84,0
DA:85,0
DA:86,0
DA:89,0
DA:91,0
DA:92,0
DA:104,0
DA:105,0
DA:113,0
DA:114,0
DA:115,0
DA:125,0
DA:129,0
DA:138,0
DA:142,0
DA:143,0
DA:154,0
DA:161,0
DA:162,0
DA:173,0
DA:178,0
DA:179,0
DA:180,0
DA:181,0
DA:183,0
DA:193,0
DA:194,0
DA:196,0
DA:197,0
DA:199,0
DA:201,0
DA:202,0
DA:203,0
DA:204,0
DA:206,0
DA:207,0
DA:211,0
DA:221,0
DA:222,0
DA:230,0
DA:231,0
DA:232,0
DA:234,0
DA:239,0
DA:248,0
DA:249,0
DA:250,0
DA:258,0
DA:259,0
DA:260,0
DA:262,0
DA:263,0
DA:265,0
DA:266,0
DA:268,0
DA:269,0
DA:271,0
DA:279,0
DA:280,0
LF:76
LH:0
BRDA:52,0,0,0
BRDA:52,1,0,0
BRDA:52,1,1,0
BRDA:52,1,2,0
BRDA:58,2,0,0
BRDA:58,3,0,0
BRDA:58,3,1,0
BRDA:64,4,0,0
BRDA:70,5,0,0
BRDA:70,6,0,0
BRDA:70,6,1,0
BRDA:85,7,0,0
BRDA:92,8,0,0
BRDA:92,8,1,0
BRDA:92,8,2,0
BRDA:92,8,3,0
BRDA:178,9,0,0
BRDA:178,9,1,0
BRDA:180,10,0,0
BRDA:194,11,0,0
BRDA:206,12,0,0
BRDA:206,13,0,0
BRDA:206,13,1,0
BRDA:262,14,0,0
BRDA:262,15,0,0
BRDA:262,15,1,0
BRDA:265,16,0,0
BRDA:265,17,0,0
BRDA:265,17,1,0
BRDA:268,18,0,0
BRDA:268,19,0,0
BRDA:268,19,1,0
BRF:32
BRH:0
end_of_record
TN:
SF:src/data/headStartPrograms.ts
FN:20,(anonymous_0)
FN:22,(anonymous_1)
FN:40,(anonymous_2)
FN:68,(anonymous_3)
FN:89,(anonymous_4)
FN:96,(anonymous_5)
FN:108,(anonymous_6)
FN:109,(anonymous_7)
FN:118,(anonymous_8)
FN:119,(anonymous_9)
FN:130,(anonymous_10)
FN:136,(anonymous_11)
FN:150,(anonymous_12)
FN:167,(anonymous_13)
FN:169,(anonymous_14)
FN:170,(anonymous_15)
FN:173,(anonymous_16)
FN:174,(anonymous_17)
FN:194,(anonymous_18)
FNF:19
FNH:0
FNDA:0,(anonymous_0)
FNDA:0,(anonymous_1)
FNDA:0,(anonymous_2)
FNDA:0,(anonymous_3)
FNDA:0,(anonymous_4)
FNDA:0,(anonymous_5)
FNDA:0,(anonymous_6)
FNDA:0,(anonymous_7)
FNDA:0,(anonymous_8)
FNDA:0,(anonymous_9)
FNDA:0,(anonymous_10)
FNDA:0,(anonymous_11)
FNDA:0,(anonymous_12)
FNDA:0,(anonymous_13)
FNDA:0,(anonymous_14)
FNDA:0,(anonymous_15)
FNDA:0,(anonymous_16)
FNDA:0,(anonymous_17)
FNDA:0,(anonymous_18)
DA:20,0
DA:21,0
DA:22,0
DA:40,0
DA:42,0
DA:43,0
DA:44,0
DA:48,0
DA:49,0
DA:50,0
DA:54,0
DA:55,0
DA:56,0
DA:59,0
DA:68,0
DA:70,0
DA:77,0
DA:89,0
DA:90,0
DA:91,0
DA:94,0
DA:96,0
DA:97,0
DA:108,0
DA:109,0
DA:118,0
DA:119,0
DA:130,0
DA:136,0
DA:137,0
DA:138,0
DA:150,0
DA:151,0
DA:152,0
DA:153,0
DA:155,0
DA:158,0
DA:159,0
DA:167,0
DA:168,0
DA:169,0
DA:170,0
DA:173,0
DA:174,0
DA:176,0
DA:194,0
DA:195,0
DA:196,0
DA:199,0
LF:49
LH:0
BRDA:42,0,0,0
BRDA:42,1,0,0
BRDA:42,1,1,0
BRDA:42,1,2,0
BRDA:48,2,0,0
BRDA:48,3,0,0
BRDA:48,3,1,0
BRDA:54,4,0,0
BRDA:77,5,0,0
BRDA:77,5,1,0
BRDA:77,5,2,0
BRDA:77,5,3,0
BRDA:90,6,0,0
BRDA:97,7,0,0
BRDA:97,7,1,0
BRDA:97,7,2,0
BRDA:97,7,3,0
BRDA:195,8,0,0
BRDA:195,9,0,0
BRDA:195,9,1,0
BRF:20
BRH:0
end_of_record
TN:
SF:src/data/texasLocations.ts
FNF:0
FNH:0
DA:8,0
DA:122,0
DA:130,0
LF:3
LH:0
BRF:0
BRH:0
end_of_record
TN:
SF:src/hooks/useMapData.ts
FN:11,(anonymous_0)
FN:51,(anonymous_1)
FN:52,(anonymous_2)
FN:61,(anonymous_3)
FN:62,(anonymous_4)
FN:71,(anonymous_5)
FN:79,(anonymous_6)
FN:90,(anonymous_7)
FN:91,(anonymous_8)
FN:102,(anonymous_9)
FN:155,(anonymous_10)
FN:160,(anonymous_11)
FN:172,(anonymous_12)
FN:177,(anonymous_13)
FN:178,(anonymous_14)
FN:235,(anonymous_15)
FN:244,(anonymous_16)
FN:245,(anonymous_17)
FN:266,(anonymous_18)
FN:271,(anonymous_19)
FN:286,(anonymous_20)
FN:364,(anonymous_21)
FN:375,(anonymous_22)
FN:376,(anonymous_23)
FN:378,(anonymous_24)
FN:396,(anonymous_25)
FN:426,(anonymous_26)
FN:431,(anonymous_27)
FN:445,(anonymous_28)
FN:464,(anonymous_29)
FN:472,(anonymous_30)
FN:501,(anonymous_31)
FNF:32
FNH:22
FNDA:45,(anonymous_0)
FNDA:4,(anonymous_1)
FNDA:4,(anonymous_2)
FNDA:2,(anonymous_3)
FNDA:2,(anonymous_4)
FNDA:324,(anonymous_5)
FNDA:0,(anonymous_6)
FNDA:1620,(anonymous_7)
FNDA:1620,(anonymous_8)
FNDA:11,(anonymous_9)
FNDA:2,(anonymous_10)
FNDA:0,(anonymous_11)
FNDA:11,(anonymous_12)
FNDA:396,(anonymous_13)
FNDA:396,(anonymous_14)
FNDA:396,(anonymous_15)
FNDA:324,(anonymous_16)
FNDA:324,(anonymous_17)
FNDA:2,(anonymous_18)
FNDA:0,(anonymous_19)
FNDA:5,(anonymous_20)
FNDA:0,(anonymous_21)
FNDA:0,(anonymous_22)
FNDA:0,(anonymous_23)
FNDA:0,(anonymous_24)
FNDA:0,(anonymous_25)
FNDA:5,(anonymous_26)
FNDA:0,(anonymous_27)
FNDA:324,(anonymous_28)
FNDA:10,(anonymous_29)
FNDA:28,(anonymous_30)
FNDA:0,(anonymous_31)
DA:1,2
DA:3,2
DA:4,2
DA:5,2
DA:11,2
DA:13,45
DA:21,45
DA:22,45
DA:23,45
DA:26,45
DA:27,45
DA:28,45
DA:31,45
DA:32,45
DA:33,45
DA:38,45
DA:39,45
DA:40,45
DA:43,45
DA:46,45
DA:51,45
DA:52,4
DA:61,45
DA:62,2
DA:71,45
DA:72,324
DA:74,324
DA:76,324
DA:77,0
DA:79,0
DA:80,0
DA:84,324
DA:86,0
DA:90,1620
DA:91,1620
DA:93,324
DA:102,45
DA:103,11
DA:104,11
DA:106,11
DA:108,11
DA:111,10
DA:112,0
DA:117,10
DA:118,10
DA:120,0
DA:124,10
DA:125,1
DA:129,9
DA:132,9
DA:133,0
DA:137,9
DA:138,9
DA:141,9
DA:143,2
DA:146,2
DA:147,0
DA:148,2
DA:149,0
DA:151,2
DA:155,2
DA:158,2
DA:159,2
DA:160,2
DA:161,0
DA:165,11
DA:172,45
DA:173,11
DA:174,11
DA:176,11
DA:177,396
DA:178,11
DA:179,396
DA:180,396
DA:181,396
DA:184,360
DA:185,0
DA:186,0
DA:191,360
DA:192,360
DA:194,0
DA:195,0
DA:199,360
DA:200,36
DA:201,36
DA:205,324
DA:218,324
DA:227,324
DA:229,36
DA:230,36
DA:234,11
DA:235,11
DA:236,396
DA:240,11
DA:241,2
DA:244,324
DA:245,324
DA:247,9
DA:248,9
DA:249,9
DA:252,9
DA:254,2
DA:257,2
DA:258,0
DA:259,2
DA:260,0
DA:262,2
DA:266,2
DA:269,2
DA:270,2
DA:271,2
DA:272,0
DA:276,11
DA:284,45
DA:286,45
DA:287,5
DA:290,5
DA:291,0
DA:292,0
DA:296,5
DA:299,5
DA:300,0
DA:301,0
DA:305,5
DA:307,5
DA:308,0
DA:310,0
DA:313,5
DA:314,5
DA:316,5
DA:317,5
DA:320,5
DA:322,5
DA:324,5
DA:327,0
DA:328,0
DA:333,0
DA:334,0
DA:336,0
DA:340,0
DA:343,0
DA:345,0
DA:347,0
DA:348,0
DA:350,0
DA:351,0
DA:353,0
DA:356,0
DA:357,0
DA:358,0
DA:361,0
DA:364,0
DA:366,0
DA:369,0
DA:372,0
DA:375,0
DA:376,0
DA:378,0
DA:380,0
DA:381,0
DA:384,0
DA:385,0
DA:396,0
DA:400,0
DA:403,0
DA:406,0
DA:409,0
DA:412,0
DA:414,5
DA:417,5
DA:418,0
DA:419,5
DA:420,0
DA:422,5
DA:426,5
DA:429,5
DA:430,5
DA:431,5
DA:432,0
DA:436,5
DA:438,5
DA:445,45
DA:446,324
DA:447,324
DA:449,324
DA:450,27
DA:452,297
DA:453,27
DA:455,270
DA:456,27
DA:458,243
DA:464,45
DA:465,10
DA:466,10
DA:472,45
DA:473,28
DA:474,5
DA:481,45
DA:486,45
DA:491,45
DA:496,45
DA:501,45
DA:502,0
DA:503,0
DA:504,0
DA:507,0
DA:508,0
DA:509,0
DA:512,0
DA:513,0
DA:514,0
DA:515,0
DA:519,45
LF:213
LH:143
BRDA:74,0,0,324
BRDA:74,0,1,0
BRDA:77,1,0,0
BRDA:84,2,0,0
BRDA:111,3,0,0
BRDA:120,4,0,0
BRDA:120,4,1,0
BRDA:124,5,0,1
BRDA:132,6,0,0
BRDA:146,7,0,0
BRDA:146,7,1,2
BRDA:146,8,0,2
BRDA:146,8,1,0
BRDA:148,9,0,0
BRDA:148,9,1,2
BRDA:151,10,0,2
BRDA:151,10,1,0
BRDA:158,11,0,2
BRDA:184,12,0,0
BRDA:194,13,0,0
BRDA:194,13,1,0
BRDA:199,14,0,36
BRDA:199,15,0,360
BRDA:199,15,1,360
BRDA:199,15,2,324
BRDA:236,16,0,396
BRDA:236,16,1,324
BRDA:240,17,0,2
BRDA:257,18,0,0
BRDA:257,18,1,2
BRDA:257,19,0,2
BRDA:257,19,1,0
BRDA:259,20,0,0
BRDA:259,20,1,2
BRDA:262,21,0,2
BRDA:262,21,1,0
BRDA:269,22,0,2
BRDA:290,23,0,0
BRDA:290,24,0,5
BRDA:290,24,1,5
BRDA:299,25,0,0
BRDA:307,26,0,0
BRDA:327,27,0,0
BRDA:336,28,0,0
BRDA:336,28,1,0
BRDA:345,29,0,0
BRDA:345,29,1,0
BRDA:345,30,0,0
BRDA:345,30,1,0
BRDA:345,30,2,0
BRDA:348,31,0,0
BRDA:348,31,1,0
BRDA:348,32,0,0
BRDA:348,32,1,0
BRDA:348,32,2,0
BRDA:351,33,0,0
BRDA:351,33,1,0
BRDA:351,34,0,0
BRDA:351,34,1,0
BRDA:357,35,0,0
BRDA:357,35,1,0
BRDA:366,36,0,0
BRDA:366,36,1,0
BRDA:366,36,2,0
BRDA:366,36,3,0
BRDA:366,36,4,0
BRDA:366,36,5,0
BRDA:366,36,6,0
BRDA:369,37,0,0
BRDA:369,37,1,0
BRDA:384,38,0,0
BRDA:388,39,0,0
BRDA:388,39,1,0
BRDA:396,40,0,0
BRDA:396,40,1,0
BRDA:417,41,0,0
BRDA:417,41,1,5
BRDA:417,42,0,5
BRDA:417,42,1,0
BRDA:419,43,0,0
BRDA:419,43,1,5
BRDA:422,44,0,5
BRDA:422,44,1,0
BRDA:429,45,0,5
BRDA:449,46,0,27
BRDA:449,47,0,324
BRDA:449,47,1,36
BRDA:452,48,0,27
BRDA:452,49,0,297
BRDA:452,49,1,36
BRDA:455,50,0,27
BRDA:455,51,0,270
BRDA:455,51,1,36
BRDA:473,52,0,5
BRDA:473,53,0,28
BRDA:473,53,1,6
BRDA:473,53,2,5
BRDA:481,54,0,42
BRDA:481,54,1,3
BRDA:491,55,0,45
BRDA:491,55,1,29
BRDA:491,55,2,29
BRDA:496,56,0,45
BRDA:496,56,1,43
BRDA:496,56,2,43
BRDA:502,57,0,0
BRDA:507,58,0,0
BRDA:512,59,0,0
BRF:108
BRH:47
end_of_record
TN:
SF:src/hooks/useSearch.ts
FN:34,(anonymous_0)
FN:54,(anonymous_1)
FN:61,(anonymous_2)
FN:71,(anonymous_3)
FN:78,(anonymous_4)
FN:89,(anonymous_5)
FN:108,(anonymous_6)
FN:116,(anonymous_7)
FN:124,(anonymous_8)
FN:125,(anonymous_9)
FN:131,(anonymous_10)
FN:132,(anonymous_11)
FN:138,(anonymous_12)
FN:146,(anonymous_13)
FN:151,(anonymous_14)
FNF:15
FNH:14
FNDA:37,(anonymous_0)
FNDA:37,(anonymous_1)
FNDA:42,(anonymous_2)
FNDA:37,(anonymous_3)
FNDA:28,(anonymous_4)
FNDA:37,(anonymous_5)
FNDA:16,(anonymous_6)
FNDA:1,(anonymous_7)
FNDA:1,(anonymous_8)
FNDA:2,(anonymous_9)
FNDA:1,(anonymous_10)
FNDA:1,(anonymous_11)
FNDA:2,(anonymous_12)
FNDA:3,(anonymous_13)
FNDA:0,(anonymous_14)
DA:1,1
DA:34,1
DA:40,37
DA:48,37
DA:49,37
DA:54,37
DA:55,37
DA:56,23
DA:59,14
DA:61,14
DA:62,42
DA:71,37
DA:72,37
DA:73,23
DA:76,14
DA:78,14
DA:79,28
DA:89,37
DA:90,37
DA:93,37
DA:94,37
DA:95,37
DA:97,37
DA:108,37
DA:109,16
DA:110,16
DA:116,37
DA:117,1
DA:118,1
DA:124,37
DA:125,2
DA:131,37
DA:132,1
DA:138,37
DA:139,2
DA:140,1
DA:143,1
DA:146,1
DA:147,3
DA:151,1
DA:154,0
DA:155,0
DA:156,0
DA:157,0
DA:159,0
DA:160,0
DA:161,0
DA:162,0
DA:167,1
DA:170,37
LF:50
LH:42
BRDA:37,0,0,28
BRDA:55,1,0,23
BRDA:55,2,0,37
BRDA:55,2,1,16
BRDA:55,2,2,15
BRDA:62,3,0,42
BRDA:62,3,1,33
BRDA:62,3,2,30
BRDA:62,3,3,30
BRDA:72,4,0,23
BRDA:72,5,0,37
BRDA:72,5,1,16
BRDA:72,5,2,15
BRDA:79,6,0,28
BRDA:79,6,1,26
BRDA:79,6,2,25
BRDA:79,6,3,25
BRDA:93,7,0,14
BRDA:93,7,1,23
BRDA:93,8,0,37
BRDA:93,8,1,15
BRDA:94,9,0,14
BRDA:94,9,1,23
BRDA:94,10,0,37
BRDA:94,10,1,15
BRDA:95,11,0,15
BRDA:95,11,1,22
BRDA:139,12,0,1
BRDA:139,13,0,2
BRDA:139,13,1,1
BRDA:139,13,2,0
BRDA:154,14,0,0
BRDA:154,14,1,0
BRDA:154,15,0,0
BRDA:154,15,1,0
BRDA:156,16,0,0
BRDA:156,17,0,0
BRDA:156,17,1,0
BRDA:159,18,0,0
BRDA:159,19,0,0
BRDA:159,19,1,0
BRDA:161,20,0,0
BRDA:161,21,0,0
BRDA:161,21,1,0
BRDA:167,22,0,0
BRDA:167,22,1,1
BRF:46
BRH:31
end_of_record
TN:
SF:src/utils/envValidator.ts
FN:11,getEnvVar
FN:35,validateRequiredEnvVars
FN:54,getGoogleMapsApiKey
FN:65,getGoogleMapsMapId
FN:72,getCongressApiKey
FNF:5
FNH:2
FNDA:5,getEnvVar
FNDA:0,validateRequiredEnvVars
FNDA:0,getGoogleMapsApiKey
FNDA:0,getGoogleMapsMapId
FNDA:5,getCongressApiKey
DA:11,2
DA:13,5
DA:14,5
DA:18,0
DA:20,0
DA:21,0
DA:22,0
DA:29,0
DA:35,2
DA:36,0
DA:37,0
DA:39,0
DA:40,0
DA:41,0
DA:42,0
DA:46,0
DA:47,0
DA:54,2
DA:55,0
DA:56,0
DA:57,0
DA:59,0
DA:65,2
DA:66,0
DA:72,2
DA:73,5
LF:26
LH:8
BRDA:13,0,0,5
BRDA:13,1,0,5
BRDA:13,1,1,5
BRDA:13,1,2,5
BRDA:13,1,3,0
BRDA:20,2,0,0
BRDA:20,2,1,0
BRDA:20,3,0,0
BRDA:20,3,1,0
BRDA:21,4,0,0
BRDA:21,5,0,0
BRDA:21,5,1,0
BRDA:21,5,2,0
BRDA:41,6,0,0
BRDA:46,7,0,0
BRDA:56,8,0,0
BRF:16
BRH:4
end_of_record
TN:
SF:src/utils/mapHelpers.ts
FN:12,(anonymous_0)
FN:33,(anonymous_1)
FN:54,(anonymous_2)
FN:68,(anonymous_3)
FN:69,(anonymous_4)
FN:84,(anonymous_5)
FN:104,(anonymous_6)
FN:136,(anonymous_7)
FN:170,(anonymous_8)
FN:181,(anonymous_9)
FN:206,(anonymous_10)
FN:223,(anonymous_11)
FN:247,(anonymous_12)
FN:272,(anonymous_13)
FN:286,(anonymous_14)
FNF:15
FNH:0
FNDA:0,(anonymous_0)
FNDA:0,(anonymous_1)
FNDA:0,(anonymous_2)
FNDA:0,(anonymous_3)
FNDA:0,(anonymous_4)
FNDA:0,(anonymous_5)
FNDA:0,(anonymous_6)
FNDA:0,(anonymous_7)
FNDA:0,(anonymous_8)
FNDA:0,(anonymous_9)
FNDA:0,(anonymous_10)
FNDA:0,(anonymous_11)
FNDA:0,(anonymous_12)
FNDA:0,(anonymous_13)
FNDA:0,(anonymous_14)
DA:12,0
DA:17,0
DA:18,0
DA:27,0
DA:28,0
DA:29,0
DA:30,0
DA:33,0
DA:34,0
DA:35,0
DA:36,0
DA:37,0
DA:41,0
DA:54,0
DA:58,0
DA:59,0
DA:63,0
DA:64,0
DA:68,0
DA:69,0
DA:71,0
DA:84,0
DA:89,0
DA:104,0
DA:114,0
DA:118,0
DA:120,0
DA:136,0
DA:143,0
DA:144,0
DA:148,0
DA:151,0
DA:152,0
DA:156,0
DA:160,0
DA:162,0
DA:170,0
DA:171,0
DA:181,0
DA:187,0
DA:188,0
DA:191,0
DA:195,0
DA:198,0
DA:206,0
DA:207,0
DA:208,0
DA:209,0
DA:210,0
DA:212,0
DA:223,0
DA:228,0
DA:229,0
DA:231,0
DA:232,0
DA:235,0
DA:236,0
DA:238,0
DA:247,0
DA:251,0
DA:253,0
DA:254,0
DA:257,0
DA:258,0
DA:260,0
DA:261,0
DA:264,0
DA:272,0
DA:273,0
DA:286,0
DA:287,0
DA:288,0
DA:290,0
DA:291,0
DA:293,0
DA:294,0
DA:296,0
LF:77
LH:0
BRDA:14,0,0,0
BRDA:17,1,0,0
BRDA:58,2,0,0
BRDA:63,3,0,0
BRDA:90,4,0,0
BRDA:90,4,1,0
BRDA:90,4,2,0
BRDA:90,4,3,0
BRDA:143,5,0,0
BRDA:143,6,0,0
BRDA:143,6,1,0
BRDA:183,7,0,0
BRDA:184,8,0,0
BRDA:207,9,0,0
BRDA:207,9,1,0
BRDA:209,10,0,0
BRDA:209,10,1,0
BRDA:226,11,0,0
BRDA:231,12,0,0
BRDA:235,13,0,0
BRDA:235,13,1,0
BRDA:236,14,0,0
BRDA:236,14,1,0
BRDA:238,15,0,0
BRDA:238,15,1,0
BRDA:253,16,0,0
BRDA:260,17,0,0
BRDA:260,18,0,0
BRDA:260,18,1,0
BRDA:287,19,0,0
BRDA:290,20,0,0
BRDA:293,21,0,0
BRF:32
BRH:0
end_of_record
